{"C:\\IKSAN\\SEMESTER 6\\WEB\\splitweb3\\backend\\server.js": {"path":"C:\\IKSAN\\SEMESTER 6\\WEB\\splitweb3\\backend\\server.js","statementMap":{"0":{"start":{"line":1,"column":0},"end":{"line":1,"column":27}},"1":{"start":{"line":2,"column":16},"end":{"line":2,"column":34}},"2":{"start":{"line":3,"column":13},"end":{"line":3,"column":28}},"3":{"start":{"line":4,"column":13},"end":{"line":4,"column":28}},"4":{"start":{"line":5,"column":15},"end":{"line":5,"column":32}},"5":{"start":{"line":6,"column":18},"end":{"line":6,"column":47}},"6":{"start":{"line":7,"column":11},"end":{"line":7,"column":30}},"7":{"start":{"line":10,"column":19},"end":{"line":10,"column":49}},"8":{"start":{"line":11,"column":20},"end":{"line":11,"column":51}},"9":{"start":{"line":12,"column":19},"end":{"line":12,"column":49}},"10":{"start":{"line":13,"column":24},"end":{"line":13,"column":59}},"11":{"start":{"line":14,"column":26},"end":{"line":14,"column":63}},"12":{"start":{"line":15,"column":27},"end":{"line":15,"column":65}},"13":{"start":{"line":17,"column":12},"end":{"line":17,"column":21}},"14":{"start":{"line":23,"column":0},"end":{"line":23,"column":18}},"15":{"start":{"line":26,"column":19},"end":{"line":35,"column":2}},"16":{"start":{"line":37,"column":0},"end":{"line":37,"column":20}},"17":{"start":{"line":40,"column":0},"end":{"line":40,"column":16}},"18":{"start":{"line":41,"column":0},"end":{"line":41,"column":24}},"19":{"start":{"line":42,"column":0},"end":{"line":42,"column":69}},"20":{"start":{"line":45,"column":0},"end":{"line":48,"column":3}},"21":{"start":{"line":46,"column":2},"end":{"line":46,"column":65}},"22":{"start":{"line":47,"column":2},"end":{"line":47,"column":9}},"23":{"start":{"line":51,"column":0},"end":{"line":51,"column":33}},"24":{"start":{"line":52,"column":0},"end":{"line":52,"column":36}},"25":{"start":{"line":53,"column":0},"end":{"line":53,"column":34}},"26":{"start":{"line":54,"column":0},"end":{"line":54,"column":43}},"27":{"start":{"line":55,"column":0},"end":{"line":55,"column":48}},"28":{"start":{"line":56,"column":0},"end":{"line":56,"column":50}},"29":{"start":{"line":59,"column":0},"end":{"line":61,"column":3}},"30":{"start":{"line":60,"column":2},"end":{"line":60,"column":50}},"31":{"start":{"line":64,"column":0},"end":{"line":66,"column":61}},"32":{"start":{"line":65,"column":14},"end":{"line":65,"column":43}},"33":{"start":{"line":66,"column":18},"end":{"line":66,"column":59}},"34":{"start":{"line":71,"column":13},"end":{"line":71,"column":37}},"35":{"start":{"line":74,"column":0},"end":{"line":78,"column":1}},"36":{"start":{"line":75,"column":2},"end":{"line":77,"column":5}},"37":{"start":{"line":76,"column":4},"end":{"line":76,"column":69}},"38":{"start":{"line":81,"column":0},"end":{"line":81,"column":21}}},"fnMap":{"0":{"name":"(anonymous_0)","decl":{"start":{"line":45,"column":8},"end":{"line":45,"column":9}},"loc":{"start":{"line":45,"column":28},"end":{"line":48,"column":1}},"line":45},"1":{"name":"(anonymous_1)","decl":{"start":{"line":59,"column":13},"end":{"line":59,"column":14}},"loc":{"start":{"line":59,"column":27},"end":{"line":61,"column":1}},"line":59},"2":{"name":"(anonymous_2)","decl":{"start":{"line":65,"column":8},"end":{"line":65,"column":9}},"loc":{"start":{"line":65,"column":14},"end":{"line":65,"column":43}},"line":65},"3":{"name":"(anonymous_3)","decl":{"start":{"line":66,"column":9},"end":{"line":66,"column":10}},"loc":{"start":{"line":66,"column":18},"end":{"line":66,"column":59}},"line":66},"4":{"name":"(anonymous_4)","decl":{"start":{"line":75,"column":19},"end":{"line":75,"column":20}},"loc":{"start":{"line":75,"column":25},"end":{"line":77,"column":3}},"line":75}},"branchMap":{"0":{"loc":{"start":{"line":71,"column":13},"end":{"line":71,"column":37}},"type":"binary-expr","locations":[{"start":{"line":71,"column":13},"end":{"line":71,"column":29}},{"start":{"line":71,"column":33},"end":{"line":71,"column":37}}],"line":71},"1":{"loc":{"start":{"line":74,"column":0},"end":{"line":78,"column":1}},"type":"if","locations":[{"start":{"line":74,"column":0},"end":{"line":78,"column":1}},{"start":{},"end":{}}],"line":74},"2":{"loc":{"start":{"line":74,"column":4},"end":{"line":74,"column":76}},"type":"binary-expr","locations":[{"start":{"line":74,"column":4},"end":{"line":74,"column":41}},{"start":{"line":74,"column":45},"end":{"line":74,"column":76}}],"line":74}},"s":{"0":1,"1":1,"2":1,"3":1,"4":1,"5":1,"6":1,"7":1,"8":1,"9":1,"10":1,"11":1,"12":1,"13":1,"14":1,"15":1,"16":1,"17":1,"18":1,"19":1,"20":1,"21":10,"22":10,"23":1,"24":1,"25":1,"26":1,"27":1,"28":1,"29":1,"30":0,"31":1,"32":1,"33":0,"34":1,"35":1,"36":0,"37":0,"38":1},"f":{"0":10,"1":0,"2":1,"3":0,"4":0},"b":{"0":[1,0],"1":[0,1],"2":[1,1]},"_coverageSchema":"1a1c01bbd47fc00a2c39e90264f33305004495a9","hash":"13bf1ae82f1be9de7b175ae5c9e5bc0351d300aa"}
,"C:\\IKSAN\\SEMESTER 6\\WEB\\splitweb3\\backend\\config\\config.js": {"path":"C:\\IKSAN\\SEMESTER 6\\WEB\\splitweb3\\backend\\config\\config.js","statementMap":{"0":{"start":{"line":1,"column":0},"end":{"line":1,"column":27}},"1":{"start":{"line":3,"column":0},"end":{"line":40,"column":2}}},"fnMap":{},"branchMap":{"0":{"loc":{"start":{"line":10,"column":13},"end":{"line":10,"column":46}},"type":"binary-expr","locations":[{"start":{"line":10,"column":13},"end":{"line":10,"column":35}},{"start":{"line":10,"column":39},"end":{"line":10,"column":46}}],"line":10},"1":{"loc":{"start":{"line":24,"column":13},"end":{"line":24,"column":46}},"type":"binary-expr","locations":[{"start":{"line":24,"column":13},"end":{"line":24,"column":35}},{"start":{"line":24,"column":39},"end":{"line":24,"column":46}}],"line":24},"2":{"loc":{"start":{"line":32,"column":13},"end":{"line":32,"column":46}},"type":"binary-expr","locations":[{"start":{"line":32,"column":13},"end":{"line":32,"column":35}},{"start":{"line":32,"column":39},"end":{"line":32,"column":46}}],"line":32}},"s":{"0":1,"1":1},"f":{},"b":{"0":[1,0],"1":[1,0],"2":[1,0]},"_coverageSchema":"1a1c01bbd47fc00a2c39e90264f33305004495a9","hash":"10be0c15948eeb8e86cbf823336ba1deb5fd763c"}
,"C:\\IKSAN\\SEMESTER 6\\WEB\\splitweb3\\backend\\controllers\\authController.js": {"path":"C:\\IKSAN\\SEMESTER 6\\WEB\\splitweb3\\backend\\controllers\\authController.js","statementMap":{"0":{"start":{"line":1,"column":17},"end":{"line":1,"column":37}},"1":{"start":{"line":2,"column":15},"end":{"line":2,"column":34}},"2":{"start":{"line":3,"column":12},"end":{"line":3,"column":35}},"3":{"start":{"line":5,"column":0},"end":{"line":36,"column":2}},"4":{"start":{"line":6,"column":2},"end":{"line":35,"column":3}},"5":{"start":{"line":8,"column":4},"end":{"line":8,"column":66}},"6":{"start":{"line":10,"column":38},"end":{"line":10,"column":46}},"7":{"start":{"line":13,"column":23},"end":{"line":13,"column":63}},"8":{"start":{"line":14,"column":4},"end":{"line":17,"column":5}},"9":{"start":{"line":15,"column":6},"end":{"line":15,"column":54}},"10":{"start":{"line":16,"column":6},"end":{"line":16,"column":72}},"11":{"start":{"line":20,"column":17},"end":{"line":20,"column":41}},"12":{"start":{"line":21,"column":27},"end":{"line":21,"column":60}},"13":{"start":{"line":24,"column":20},"end":{"line":28,"column":6}},"14":{"start":{"line":30,"column":4},"end":{"line":30,"column":58}},"15":{"start":{"line":31,"column":4},"end":{"line":31,"column":87}},"16":{"start":{"line":33,"column":4},"end":{"line":33,"column":48}},"17":{"start":{"line":34,"column":4},"end":{"line":34,"column":76}},"18":{"start":{"line":38,"column":0},"end":{"line":69,"column":2}},"19":{"start":{"line":39,"column":2},"end":{"line":68,"column":3}},"20":{"start":{"line":40,"column":4},"end":{"line":40,"column":70}},"21":{"start":{"line":42,"column":32},"end":{"line":42,"column":40}},"22":{"start":{"line":44,"column":17},"end":{"line":44,"column":57}},"23":{"start":{"line":45,"column":4},"end":{"line":47,"column":5}},"24":{"start":{"line":46,"column":6},"end":{"line":46,"column":76}},"25":{"start":{"line":49,"column":20},"end":{"line":49,"column":65}},"26":{"start":{"line":50,"column":4},"end":{"line":52,"column":5}},"27":{"start":{"line":51,"column":6},"end":{"line":51,"column":76}},"28":{"start":{"line":54,"column":18},"end":{"line":58,"column":5}},"29":{"start":{"line":60,"column":4},"end":{"line":60,"column":44}},"30":{"start":{"line":61,"column":4},"end":{"line":64,"column":7}},"31":{"start":{"line":66,"column":4},"end":{"line":66,"column":43}},"32":{"start":{"line":67,"column":4},"end":{"line":67,"column":76}},"33":{"start":{"line":74,"column":0},"end":{"line":91,"column":2}},"34":{"start":{"line":75,"column":2},"end":{"line":90,"column":3}},"35":{"start":{"line":76,"column":31},"end":{"line":76,"column":39}},"36":{"start":{"line":77,"column":19},"end":{"line":77,"column":30}},"37":{"start":{"line":79,"column":17},"end":{"line":79,"column":44}},"38":{"start":{"line":80,"column":4},"end":{"line":80,"column":80}},"39":{"start":{"line":80,"column":15},"end":{"line":80,"column":80}},"40":{"start":{"line":82,"column":4},"end":{"line":82,"column":41}},"41":{"start":{"line":83,"column":4},"end":{"line":83,"column":22}},"42":{"start":{"line":85,"column":4},"end":{"line":85,"column":84}},"43":{"start":{"line":86,"column":4},"end":{"line":86,"column":80}},"44":{"start":{"line":88,"column":4},"end":{"line":88,"column":51}},"45":{"start":{"line":89,"column":4},"end":{"line":89,"column":83}}},"fnMap":{"0":{"name":"(anonymous_0)","decl":{"start":{"line":5,"column":19},"end":{"line":5,"column":20}},"loc":{"start":{"line":5,"column":39},"end":{"line":36,"column":1}},"line":5},"1":{"name":"(anonymous_1)","decl":{"start":{"line":38,"column":16},"end":{"line":38,"column":17}},"loc":{"start":{"line":38,"column":36},"end":{"line":69,"column":1}},"line":38},"2":{"name":"(anonymous_2)","decl":{"start":{"line":74,"column":30},"end":{"line":74,"column":31}},"loc":{"start":{"line":74,"column":50},"end":{"line":91,"column":1}},"line":74}},"branchMap":{"0":{"loc":{"start":{"line":14,"column":4},"end":{"line":17,"column":5}},"type":"if","locations":[{"start":{"line":14,"column":4},"end":{"line":17,"column":5}},{"start":{},"end":{}}],"line":14},"1":{"loc":{"start":{"line":45,"column":4},"end":{"line":47,"column":5}},"type":"if","locations":[{"start":{"line":45,"column":4},"end":{"line":47,"column":5}},{"start":{},"end":{}}],"line":45},"2":{"loc":{"start":{"line":50,"column":4},"end":{"line":52,"column":5}},"type":"if","locations":[{"start":{"line":50,"column":4},"end":{"line":52,"column":5}},{"start":{},"end":{}}],"line":50},"3":{"loc":{"start":{"line":56,"column":6},"end":{"line":56,"column":41}},"type":"binary-expr","locations":[{"start":{"line":56,"column":6},"end":{"line":56,"column":28}},{"start":{"line":56,"column":32},"end":{"line":56,"column":41}}],"line":56},"4":{"loc":{"start":{"line":80,"column":4},"end":{"line":80,"column":80}},"type":"if","locations":[{"start":{"line":80,"column":4},"end":{"line":80,"column":80}},{"start":{},"end":{}}],"line":80}},"s":{"0":1,"1":1,"2":1,"3":1,"4":0,"5":0,"6":0,"7":0,"8":0,"9":0,"10":0,"11":0,"12":0,"13":0,"14":0,"15":0,"16":0,"17":0,"18":1,"19":0,"20":0,"21":0,"22":0,"23":0,"24":0,"25":0,"26":0,"27":0,"28":0,"29":0,"30":0,"31":0,"32":0,"33":1,"34":0,"35":0,"36":0,"37":0,"38":0,"39":0,"40":0,"41":0,"42":0,"43":0,"44":0,"45":0},"f":{"0":0,"1":0,"2":0},"b":{"0":[0,0],"1":[0,0],"2":[0,0],"3":[0,0],"4":[0,0]},"_coverageSchema":"1a1c01bbd47fc00a2c39e90264f33305004495a9","hash":"f9cbf722d30dc65ff50b2dc385e970a6c2961160"}
,"C:\\IKSAN\\SEMESTER 6\\WEB\\splitweb3\\backend\\controllers\\billController.js": {"path":"C:\\IKSAN\\SEMESTER 6\\WEB\\splitweb3\\backend\\controllers\\billController.js","statementMap":{"0":{"start":{"line":1,"column":74},"end":{"line":1,"column":94}},"1":{"start":{"line":4,"column":0},"end":{"line":78,"column":2}},"2":{"start":{"line":5,"column":2},"end":{"line":77,"column":3}},"3":{"start":{"line":6,"column":21},"end":{"line":6,"column":38}},"4":{"start":{"line":7,"column":18},"end":{"line":7,"column":32}},"5":{"start":{"line":8,"column":19},"end":{"line":8,"column":34}},"6":{"start":{"line":10,"column":24},"end":{"line":10,"column":46}},"7":{"start":{"line":11,"column":4},"end":{"line":17,"column":5}},"8":{"start":{"line":12,"column":8},"end":{"line":16,"column":9}},"9":{"start":{"line":13,"column":12},"end":{"line":13,"column":54}},"10":{"start":{"line":15,"column":12},"end":{"line":15,"column":74}},"11":{"start":{"line":15,"column":63},"end":{"line":15,"column":72}},"12":{"start":{"line":19,"column":21},"end":{"line":19,"column":32}},"13":{"start":{"line":21,"column":4},"end":{"line":23,"column":5}},"14":{"start":{"line":22,"column":6},"end":{"line":22,"column":78}},"15":{"start":{"line":25,"column":21},"end":{"line":25,"column":25}},"16":{"start":{"line":26,"column":4},"end":{"line":28,"column":5}},"17":{"start":{"line":27,"column":8},"end":{"line":27,"column":39}},"18":{"start":{"line":30,"column":20},"end":{"line":36,"column":6}},"19":{"start":{"line":38,"column":24},"end":{"line":38,"column":53}},"20":{"start":{"line":40,"column":22},"end":{"line":49,"column":6}},"21":{"start":{"line":41,"column":22},"end":{"line":41,"column":56}},"22":{"start":{"line":42,"column":6},"end":{"line":48,"column":8}},"23":{"start":{"line":51,"column":4},"end":{"line":51,"column":42}},"24":{"start":{"line":53,"column":4},"end":{"line":68,"column":5}},"25":{"start":{"line":54,"column":24},"end":{"line":61,"column":11}},"26":{"start":{"line":55,"column":22},"end":{"line":55,"column":51}},"27":{"start":{"line":56,"column":25},"end":{"line":61,"column":9}},"28":{"start":{"line":63,"column":6},"end":{"line":65,"column":7}},"29":{"start":{"line":64,"column":10},"end":{"line":64,"column":51}},"30":{"start":{"line":67,"column":8},"end":{"line":67,"column":76}},"31":{"start":{"line":70,"column":4},"end":{"line":73,"column":7}},"32":{"start":{"line":75,"column":4},"end":{"line":75,"column":49}},"33":{"start":{"line":76,"column":4},"end":{"line":76,"column":76}},"34":{"start":{"line":81,"column":0},"end":{"line":93,"column":2}},"35":{"start":{"line":82,"column":2},"end":{"line":92,"column":3}},"36":{"start":{"line":83,"column":24},"end":{"line":83,"column":34}},"37":{"start":{"line":84,"column":18},"end":{"line":87,"column":6}},"38":{"start":{"line":88,"column":4},"end":{"line":88,"column":20}},"39":{"start":{"line":90,"column":4},"end":{"line":90,"column":47}},"40":{"start":{"line":91,"column":4},"end":{"line":91,"column":76}},"41":{"start":{"line":96,"column":0},"end":{"line":124,"column":2}},"42":{"start":{"line":97,"column":2},"end":{"line":123,"column":3}},"43":{"start":{"line":98,"column":19},"end":{"line":98,"column":29}},"44":{"start":{"line":99,"column":17},"end":{"line":99,"column":40}},"45":{"start":{"line":100,"column":4},"end":{"line":100,"column":83}},"46":{"start":{"line":100,"column":15},"end":{"line":100,"column":83}},"47":{"start":{"line":102,"column":18},"end":{"line":102,"column":78}},"48":{"start":{"line":103,"column":19},"end":{"line":103,"column":70}},"49":{"start":{"line":105,"column":20},"end":{"line":105,"column":46}},"50":{"start":{"line":105,"column":36},"end":{"line":105,"column":45}},"51":{"start":{"line":106,"column":18},"end":{"line":106,"column":92}},"52":{"start":{"line":108,"column":25},"end":{"line":114,"column":6}},"53":{"start":{"line":109,"column":19},"end":{"line":109,"column":58}},"54":{"start":{"line":109,"column":35},"end":{"line":109,"column":57}},"55":{"start":{"line":110,"column":6},"end":{"line":113,"column":8}},"56":{"start":{"line":116,"column":4},"end":{"line":119,"column":7}},"57":{"start":{"line":121,"column":4},"end":{"line":121,"column":54}},"58":{"start":{"line":122,"column":4},"end":{"line":122,"column":76}},"59":{"start":{"line":127,"column":0},"end":{"line":141,"column":2}},"60":{"start":{"line":128,"column":2},"end":{"line":140,"column":3}},"61":{"start":{"line":129,"column":24},"end":{"line":129,"column":34}},"62":{"start":{"line":130,"column":18},"end":{"line":130,"column":51}},"63":{"start":{"line":131,"column":4},"end":{"line":131,"column":89}},"64":{"start":{"line":131,"column":16},"end":{"line":131,"column":89}},"65":{"start":{"line":133,"column":4},"end":{"line":133,"column":25}},"66":{"start":{"line":134,"column":4},"end":{"line":134,"column":23}},"67":{"start":{"line":136,"column":4},"end":{"line":136,"column":68}},"68":{"start":{"line":138,"column":4},"end":{"line":138,"column":47}},"69":{"start":{"line":139,"column":4},"end":{"line":139,"column":76}},"70":{"start":{"line":144,"column":0},"end":{"line":215,"column":2}},"71":{"start":{"line":145,"column":2},"end":{"line":145,"column":96}},"72":{"start":{"line":147,"column":2},"end":{"line":214,"column":3}},"73":{"start":{"line":148,"column":24},"end":{"line":148,"column":34}},"74":{"start":{"line":149,"column":24},"end":{"line":149,"column":32}},"75":{"start":{"line":150,"column":19},"end":{"line":150,"column":30}},"76":{"start":{"line":152,"column":18},"end":{"line":152,"column":51}},"77":{"start":{"line":153,"column":4},"end":{"line":156,"column":5}},"78":{"start":{"line":154,"column":6},"end":{"line":154,"column":75}},"79":{"start":{"line":155,"column":6},"end":{"line":155,"column":82}},"80":{"start":{"line":159,"column":4},"end":{"line":162,"column":5}},"81":{"start":{"line":160,"column":6},"end":{"line":160,"column":115}},"82":{"start":{"line":161,"column":6},"end":{"line":161,"column":88}},"83":{"start":{"line":164,"column":17},"end":{"line":164,"column":51}},"84":{"start":{"line":165,"column":4},"end":{"line":168,"column":5}},"85":{"start":{"line":166,"column":6},"end":{"line":166,"column":69}},"86":{"start":{"line":167,"column":6},"end":{"line":167,"column":80}},"87":{"start":{"line":171,"column":4},"end":{"line":171,"column":25}},"88":{"start":{"line":172,"column":4},"end":{"line":172,"column":26}},"89":{"start":{"line":173,"column":4},"end":{"line":173,"column":23}},"90":{"start":{"line":174,"column":4},"end":{"line":174,"column":72}},"91":{"start":{"line":177,"column":4},"end":{"line":192,"column":5}},"92":{"start":{"line":178,"column":6},"end":{"line":189,"column":7}},"93":{"start":{"line":179,"column":8},"end":{"line":187,"column":11}},"94":{"start":{"line":188,"column":8},"end":{"line":188,"column":65}},"95":{"start":{"line":191,"column":6},"end":{"line":191,"column":107}},"96":{"start":{"line":195,"column":4},"end":{"line":204,"column":5}},"97":{"start":{"line":196,"column":8},"end":{"line":201,"column":11}},"98":{"start":{"line":203,"column":8},"end":{"line":203,"column":70}},"99":{"start":{"line":206,"column":4},"end":{"line":209,"column":7}},"100":{"start":{"line":212,"column":4},"end":{"line":212,"column":50}},"101":{"start":{"line":213,"column":4},"end":{"line":213,"column":93}}},"fnMap":{"0":{"name":"(anonymous_0)","decl":{"start":{"line":4,"column":21},"end":{"line":4,"column":22}},"loc":{"start":{"line":4,"column":41},"end":{"line":78,"column":1}},"line":4},"1":{"name":"(anonymous_1)","decl":{"start":{"line":15,"column":57},"end":{"line":15,"column":58}},"loc":{"start":{"line":15,"column":63},"end":{"line":15,"column":72}},"line":15},"2":{"name":"(anonymous_2)","decl":{"start":{"line":40,"column":40},"end":{"line":40,"column":41}},"loc":{"start":{"line":40,"column":51},"end":{"line":49,"column":5}},"line":40},"3":{"name":"(anonymous_3)","decl":{"start":{"line":55,"column":16},"end":{"line":55,"column":17}},"loc":{"start":{"line":55,"column":22},"end":{"line":55,"column":51}},"line":55},"4":{"name":"(anonymous_4)","decl":{"start":{"line":56,"column":13},"end":{"line":56,"column":14}},"loc":{"start":{"line":56,"column":25},"end":{"line":61,"column":9}},"line":56},"5":{"name":"(anonymous_5)","decl":{"start":{"line":81,"column":24},"end":{"line":81,"column":25}},"loc":{"start":{"line":81,"column":44},"end":{"line":93,"column":1}},"line":81},"6":{"name":"(anonymous_6)","decl":{"start":{"line":96,"column":25},"end":{"line":96,"column":26}},"loc":{"start":{"line":96,"column":45},"end":{"line":124,"column":1}},"line":96},"7":{"name":"(anonymous_7)","decl":{"start":{"line":105,"column":31},"end":{"line":105,"column":32}},"loc":{"start":{"line":105,"column":36},"end":{"line":105,"column":45}},"line":105},"8":{"name":"(anonymous_8)","decl":{"start":{"line":108,"column":36},"end":{"line":108,"column":37}},"loc":{"start":{"line":108,"column":45},"end":{"line":114,"column":5}},"line":108},"9":{"name":"(anonymous_9)","decl":{"start":{"line":109,"column":30},"end":{"line":109,"column":31}},"loc":{"start":{"line":109,"column":35},"end":{"line":109,"column":57}},"line":109},"10":{"name":"(anonymous_10)","decl":{"start":{"line":127,"column":21},"end":{"line":127,"column":22}},"loc":{"start":{"line":127,"column":41},"end":{"line":141,"column":1}},"line":127},"11":{"name":"(anonymous_11)","decl":{"start":{"line":144,"column":21},"end":{"line":144,"column":22}},"loc":{"start":{"line":144,"column":41},"end":{"line":215,"column":1}},"line":144}},"branchMap":{"0":{"loc":{"start":{"line":11,"column":4},"end":{"line":17,"column":5}},"type":"if","locations":[{"start":{"line":11,"column":4},"end":{"line":17,"column":5}},{"start":{},"end":{}}],"line":11},"1":{"loc":{"start":{"line":21,"column":4},"end":{"line":23,"column":5}},"type":"if","locations":[{"start":{"line":21,"column":4},"end":{"line":23,"column":5}},{"start":{},"end":{}}],"line":21},"2":{"loc":{"start":{"line":21,"column":8},"end":{"line":21,"column":86}},"type":"binary-expr","locations":[{"start":{"line":21,"column":8},"end":{"line":21,"column":17}},{"start":{"line":21,"column":21},"end":{"line":21,"column":27}},{"start":{"line":21,"column":31},"end":{"line":21,"column":38}},{"start":{"line":21,"column":42},"end":{"line":21,"column":56}},{"start":{"line":21,"column":60},"end":{"line":21,"column":86}}],"line":21},"3":{"loc":{"start":{"line":26,"column":4},"end":{"line":28,"column":5}},"type":"if","locations":[{"start":{"line":26,"column":4},"end":{"line":28,"column":5}},{"start":{},"end":{}}],"line":26},"4":{"loc":{"start":{"line":47,"column":16},"end":{"line":47,"column":43}},"type":"cond-expr","locations":[{"start":{"line":47,"column":26},"end":{"line":47,"column":32}},{"start":{"line":47,"column":35},"end":{"line":47,"column":43}}],"line":47},"5":{"loc":{"start":{"line":63,"column":6},"end":{"line":65,"column":7}},"type":"if","locations":[{"start":{"line":63,"column":6},"end":{"line":65,"column":7}},{"start":{},"end":{}}],"line":63},"6":{"loc":{"start":{"line":100,"column":4},"end":{"line":100,"column":83}},"type":"if","locations":[{"start":{"line":100,"column":4},"end":{"line":100,"column":83}},{"start":{},"end":{}}],"line":100},"7":{"loc":{"start":{"line":112,"column":19},"end":{"line":112,"column":47}},"type":"cond-expr","locations":[{"start":{"line":112,"column":26},"end":{"line":112,"column":35}},{"start":{"line":112,"column":38},"end":{"line":112,"column":47}}],"line":112},"8":{"loc":{"start":{"line":117,"column":44},"end":{"line":117,"column":74}},"type":"cond-expr","locations":[{"start":{"line":117,"column":52},"end":{"line":117,"column":62}},{"start":{"line":117,"column":65},"end":{"line":117,"column":74}}],"line":117},"9":{"loc":{"start":{"line":131,"column":4},"end":{"line":131,"column":89}},"type":"if","locations":[{"start":{"line":131,"column":4},"end":{"line":131,"column":89}},{"start":{},"end":{}}],"line":131},"10":{"loc":{"start":{"line":153,"column":4},"end":{"line":156,"column":5}},"type":"if","locations":[{"start":{"line":153,"column":4},"end":{"line":156,"column":5}},{"start":{},"end":{}}],"line":153},"11":{"loc":{"start":{"line":159,"column":4},"end":{"line":162,"column":5}},"type":"if","locations":[{"start":{"line":159,"column":4},"end":{"line":162,"column":5}},{"start":{},"end":{}}],"line":159},"12":{"loc":{"start":{"line":165,"column":4},"end":{"line":168,"column":5}},"type":"if","locations":[{"start":{"line":165,"column":4},"end":{"line":168,"column":5}},{"start":{},"end":{}}],"line":165},"13":{"loc":{"start":{"line":178,"column":6},"end":{"line":189,"column":7}},"type":"if","locations":[{"start":{"line":178,"column":6},"end":{"line":189,"column":7}},{"start":{},"end":{}}],"line":178},"14":{"loc":{"start":{"line":178,"column":10},"end":{"line":178,"column":32}},"type":"binary-expr","locations":[{"start":{"line":178,"column":10},"end":{"line":178,"column":17}},{"start":{"line":178,"column":21},"end":{"line":178,"column":32}}],"line":178}},"s":{"0":1,"1":1,"2":0,"3":0,"4":0,"5":0,"6":0,"7":0,"8":0,"9":0,"10":0,"11":0,"12":0,"13":0,"14":0,"15":0,"16":0,"17":0,"18":0,"19":0,"20":0,"21":0,"22":0,"23":0,"24":0,"25":0,"26":0,"27":0,"28":0,"29":0,"30":0,"31":0,"32":0,"33":0,"34":1,"35":0,"36":0,"37":0,"38":0,"39":0,"40":0,"41":1,"42":0,"43":0,"44":0,"45":0,"46":0,"47":0,"48":0,"49":0,"50":0,"51":0,"52":0,"53":0,"54":0,"55":0,"56":0,"57":0,"58":0,"59":1,"60":0,"61":0,"62":0,"63":0,"64":0,"65":0,"66":0,"67":0,"68":0,"69":0,"70":1,"71":0,"72":0,"73":0,"74":0,"75":0,"76":0,"77":0,"78":0,"79":0,"80":0,"81":0,"82":0,"83":0,"84":0,"85":0,"86":0,"87":0,"88":0,"89":0,"90":0,"91":0,"92":0,"93":0,"94":0,"95":0,"96":0,"97":0,"98":0,"99":0,"100":0,"101":0},"f":{"0":0,"1":0,"2":0,"3":0,"4":0,"5":0,"6":0,"7":0,"8":0,"9":0,"10":0,"11":0},"b":{"0":[0,0],"1":[0,0],"2":[0,0,0,0,0],"3":[0,0],"4":[0,0],"5":[0,0],"6":[0,0],"7":[0,0],"8":[0,0],"9":[0,0],"10":[0,0],"11":[0,0],"12":[0,0],"13":[0,0],"14":[0,0]},"_coverageSchema":"1a1c01bbd47fc00a2c39e90264f33305004495a9","hash":"afd58cbb8a4ba2f923f313428bf85bc226a0f8fa"}
,"C:\\IKSAN\\SEMESTER 6\\WEB\\splitweb3\\backend\\controllers\\groupController.js": {"path":"C:\\IKSAN\\SEMESTER 6\\WEB\\splitweb3\\backend\\controllers\\groupController.js","statementMap":{"0":{"start":{"line":1,"column":54},"end":{"line":1,"column":74}},"1":{"start":{"line":4,"column":0},"end":{"line":35,"column":2}},"2":{"start":{"line":5,"column":2},"end":{"line":34,"column":3}},"3":{"start":{"line":6,"column":34},"end":{"line":6,"column":42}},"4":{"start":{"line":7,"column":21},"end":{"line":7,"column":32}},"5":{"start":{"line":10,"column":4},"end":{"line":12,"column":5}},"6":{"start":{"line":11,"column":6},"end":{"line":11,"column":70}},"7":{"start":{"line":15,"column":21},"end":{"line":20,"column":6}},"8":{"start":{"line":22,"column":4},"end":{"line":22,"column":59}},"9":{"start":{"line":23,"column":4},"end":{"line":23,"column":26}},"10":{"start":{"line":25,"column":4},"end":{"line":28,"column":7}},"11":{"start":{"line":30,"column":4},"end":{"line":30,"column":80}},"12":{"start":{"line":32,"column":4},"end":{"line":32,"column":50}},"13":{"start":{"line":33,"column":4},"end":{"line":33,"column":76}},"14":{"start":{"line":38,"column":0},"end":{"line":57,"column":2}},"15":{"start":{"line":39,"column":2},"end":{"line":56,"column":3}},"16":{"start":{"line":40,"column":19},"end":{"line":40,"column":30}},"17":{"start":{"line":41,"column":24},"end":{"line":44,"column":6}},"18":{"start":{"line":46,"column":21},"end":{"line":46,"column":53}},"19":{"start":{"line":46,"column":42},"end":{"line":46,"column":52}},"20":{"start":{"line":47,"column":19},"end":{"line":50,"column":6}},"21":{"start":{"line":52,"column":4},"end":{"line":52,"column":21}},"22":{"start":{"line":54,"column":4},"end":{"line":54,"column":48}},"23":{"start":{"line":55,"column":4},"end":{"line":55,"column":76}},"24":{"start":{"line":60,"column":0},"end":{"line":80,"column":2}},"25":{"start":{"line":61,"column":2},"end":{"line":79,"column":3}},"26":{"start":{"line":62,"column":19},"end":{"line":62,"column":29}},"27":{"start":{"line":64,"column":18},"end":{"line":64,"column":42}},"28":{"start":{"line":65,"column":4},"end":{"line":65,"column":81}},"29":{"start":{"line":65,"column":16},"end":{"line":65,"column":81}},"30":{"start":{"line":67,"column":24},"end":{"line":67,"column":78}},"31":{"start":{"line":68,"column":20},"end":{"line":68,"column":51}},"32":{"start":{"line":68,"column":41},"end":{"line":68,"column":50}},"33":{"start":{"line":70,"column":20},"end":{"line":73,"column":6}},"34":{"start":{"line":75,"column":4},"end":{"line":75,"column":33}},"35":{"start":{"line":77,"column":4},"end":{"line":77,"column":54}},"36":{"start":{"line":78,"column":4},"end":{"line":78,"column":76}},"37":{"start":{"line":83,"column":0},"end":{"line":112,"column":2}},"38":{"start":{"line":84,"column":2},"end":{"line":111,"column":3}},"39":{"start":{"line":85,"column":19},"end":{"line":85,"column":29}},"40":{"start":{"line":86,"column":19},"end":{"line":86,"column":30}},"41":{"start":{"line":89,"column":18},"end":{"line":89,"column":42}},"42":{"start":{"line":90,"column":4},"end":{"line":90,"column":81}},"43":{"start":{"line":90,"column":16},"end":{"line":90,"column":81}},"44":{"start":{"line":93,"column":27},"end":{"line":95,"column":6}},"45":{"start":{"line":97,"column":4},"end":{"line":99,"column":5}},"46":{"start":{"line":98,"column":6},"end":{"line":98,"column":86}},"47":{"start":{"line":102,"column":4},"end":{"line":105,"column":7}},"48":{"start":{"line":107,"column":4},"end":{"line":107,"column":61}},"49":{"start":{"line":109,"column":4},"end":{"line":109,"column":48}},"50":{"start":{"line":110,"column":4},"end":{"line":110,"column":76}},"51":{"start":{"line":115,"column":0},"end":{"line":139,"column":2}},"52":{"start":{"line":116,"column":2},"end":{"line":138,"column":3}},"53":{"start":{"line":117,"column":19},"end":{"line":117,"column":29}},"54":{"start":{"line":118,"column":19},"end":{"line":118,"column":30}},"55":{"start":{"line":120,"column":18},"end":{"line":120,"column":42}},"56":{"start":{"line":121,"column":4},"end":{"line":121,"column":81}},"57":{"start":{"line":121,"column":16},"end":{"line":121,"column":81}},"58":{"start":{"line":124,"column":4},"end":{"line":126,"column":5}},"59":{"start":{"line":125,"column":6},"end":{"line":125,"column":107}},"60":{"start":{"line":129,"column":4},"end":{"line":129,"column":59}},"61":{"start":{"line":132,"column":4},"end":{"line":132,"column":26}},"62":{"start":{"line":134,"column":4},"end":{"line":134,"column":67}},"63":{"start":{"line":136,"column":4},"end":{"line":136,"column":50}},"64":{"start":{"line":137,"column":4},"end":{"line":137,"column":76}},"65":{"start":{"line":142,"column":0},"end":{"line":169,"column":2}},"66":{"start":{"line":143,"column":2},"end":{"line":168,"column":3}},"67":{"start":{"line":144,"column":19},"end":{"line":144,"column":29}},"68":{"start":{"line":145,"column":19},"end":{"line":145,"column":30}},"69":{"start":{"line":147,"column":18},"end":{"line":147,"column":42}},"70":{"start":{"line":148,"column":4},"end":{"line":148,"column":81}},"71":{"start":{"line":148,"column":16},"end":{"line":148,"column":81}},"72":{"start":{"line":151,"column":4},"end":{"line":153,"column":5}},"73":{"start":{"line":152,"column":6},"end":{"line":152,"column":126}},"74":{"start":{"line":156,"column":20},"end":{"line":158,"column":6}},"75":{"start":{"line":160,"column":4},"end":{"line":164,"column":5}},"76":{"start":{"line":161,"column":6},"end":{"line":161,"column":63}},"77":{"start":{"line":163,"column":6},"end":{"line":163,"column":77}},"78":{"start":{"line":166,"column":4},"end":{"line":166,"column":49}},"79":{"start":{"line":167,"column":4},"end":{"line":167,"column":76}}},"fnMap":{"0":{"name":"(anonymous_0)","decl":{"start":{"line":4,"column":22},"end":{"line":4,"column":23}},"loc":{"start":{"line":4,"column":42},"end":{"line":35,"column":1}},"line":4},"1":{"name":"(anonymous_1)","decl":{"start":{"line":38,"column":24},"end":{"line":38,"column":25}},"loc":{"start":{"line":38,"column":44},"end":{"line":57,"column":1}},"line":38},"2":{"name":"(anonymous_2)","decl":{"start":{"line":46,"column":37},"end":{"line":46,"column":38}},"loc":{"start":{"line":46,"column":42},"end":{"line":46,"column":52}},"line":46},"3":{"name":"(anonymous_3)","decl":{"start":{"line":60,"column":23},"end":{"line":60,"column":24}},"loc":{"start":{"line":60,"column":43},"end":{"line":80,"column":1}},"line":60},"4":{"name":"(anonymous_4)","decl":{"start":{"line":68,"column":36},"end":{"line":68,"column":37}},"loc":{"start":{"line":68,"column":41},"end":{"line":68,"column":50}},"line":68},"5":{"name":"(anonymous_5)","decl":{"start":{"line":83,"column":20},"end":{"line":83,"column":21}},"loc":{"start":{"line":83,"column":40},"end":{"line":112,"column":1}},"line":83},"6":{"name":"(anonymous_6)","decl":{"start":{"line":115,"column":22},"end":{"line":115,"column":23}},"loc":{"start":{"line":115,"column":42},"end":{"line":139,"column":1}},"line":115},"7":{"name":"(anonymous_7)","decl":{"start":{"line":142,"column":21},"end":{"line":142,"column":22}},"loc":{"start":{"line":142,"column":41},"end":{"line":169,"column":1}},"line":142}},"branchMap":{"0":{"loc":{"start":{"line":10,"column":4},"end":{"line":12,"column":5}},"type":"if","locations":[{"start":{"line":10,"column":4},"end":{"line":12,"column":5}},{"start":{},"end":{}}],"line":10},"1":{"loc":{"start":{"line":10,"column":8},"end":{"line":10,"column":35}},"type":"binary-expr","locations":[{"start":{"line":10,"column":8},"end":{"line":10,"column":13}},{"start":{"line":10,"column":17},"end":{"line":10,"column":35}}],"line":10},"2":{"loc":{"start":{"line":65,"column":4},"end":{"line":65,"column":81}},"type":"if","locations":[{"start":{"line":65,"column":4},"end":{"line":65,"column":81}},{"start":{},"end":{}}],"line":65},"3":{"loc":{"start":{"line":90,"column":4},"end":{"line":90,"column":81}},"type":"if","locations":[{"start":{"line":90,"column":4},"end":{"line":90,"column":81}},{"start":{},"end":{}}],"line":90},"4":{"loc":{"start":{"line":97,"column":4},"end":{"line":99,"column":5}},"type":"if","locations":[{"start":{"line":97,"column":4},"end":{"line":99,"column":5}},{"start":{},"end":{}}],"line":97},"5":{"loc":{"start":{"line":121,"column":4},"end":{"line":121,"column":81}},"type":"if","locations":[{"start":{"line":121,"column":4},"end":{"line":121,"column":81}},{"start":{},"end":{}}],"line":121},"6":{"loc":{"start":{"line":124,"column":4},"end":{"line":126,"column":5}},"type":"if","locations":[{"start":{"line":124,"column":4},"end":{"line":126,"column":5}},{"start":{},"end":{}}],"line":124},"7":{"loc":{"start":{"line":148,"column":4},"end":{"line":148,"column":81}},"type":"if","locations":[{"start":{"line":148,"column":4},"end":{"line":148,"column":81}},{"start":{},"end":{}}],"line":148},"8":{"loc":{"start":{"line":151,"column":4},"end":{"line":153,"column":5}},"type":"if","locations":[{"start":{"line":151,"column":4},"end":{"line":153,"column":5}},{"start":{},"end":{}}],"line":151},"9":{"loc":{"start":{"line":160,"column":4},"end":{"line":164,"column":5}},"type":"if","locations":[{"start":{"line":160,"column":4},"end":{"line":164,"column":5}},{"start":{"line":162,"column":11},"end":{"line":164,"column":5}}],"line":160}},"s":{"0":1,"1":1,"2":2,"3":2,"4":2,"5":2,"6":1,"7":1,"8":1,"9":1,"10":1,"11":1,"12":0,"13":0,"14":1,"15":1,"16":1,"17":1,"18":1,"19":6,"20":1,"21":1,"22":0,"23":0,"24":1,"25":2,"26":2,"27":2,"28":2,"29":1,"30":1,"31":1,"32":1,"33":1,"34":1,"35":0,"36":0,"37":1,"38":2,"39":2,"40":2,"41":2,"42":2,"43":2,"44":0,"45":0,"46":0,"47":0,"48":0,"49":0,"50":0,"51":1,"52":2,"53":2,"54":2,"55":2,"56":2,"57":1,"58":1,"59":0,"60":1,"61":1,"62":1,"63":0,"64":0,"65":1,"66":0,"67":0,"68":0,"69":0,"70":0,"71":0,"72":0,"73":0,"74":0,"75":0,"76":0,"77":0,"78":0,"79":0},"f":{"0":2,"1":1,"2":6,"3":2,"4":1,"5":2,"6":2,"7":0},"b":{"0":[1,1],"1":[2,1],"2":[1,1],"3":[2,0],"4":[0,0],"5":[1,1],"6":[0,1],"7":[0,0],"8":[0,0],"9":[0,0]},"_coverageSchema":"1a1c01bbd47fc00a2c39e90264f33305004495a9","hash":"93e38f2059833b7016eb2d1c05a2e17ff9625d15"}
,"C:\\IKSAN\\SEMESTER 6\\WEB\\splitweb3\\backend\\controllers\\notificationController.js": {"path":"C:\\IKSAN\\SEMESTER 6\\WEB\\splitweb3\\backend\\controllers\\notificationController.js","statementMap":{"0":{"start":{"line":1,"column":25},"end":{"line":1,"column":45}},"1":{"start":{"line":4,"column":0},"end":{"line":15,"column":2}},"2":{"start":{"line":5,"column":2},"end":{"line":14,"column":3}},"3":{"start":{"line":6,"column":19},"end":{"line":6,"column":30}},"4":{"start":{"line":7,"column":26},"end":{"line":10,"column":6}},"5":{"start":{"line":11,"column":4},"end":{"line":11,"column":28}},"6":{"start":{"line":13,"column":4},"end":{"line":13,"column":76}},"7":{"start":{"line":18,"column":0},"end":{"line":33,"column":2}},"8":{"start":{"line":19,"column":2},"end":{"line":32,"column":3}},"9":{"start":{"line":20,"column":19},"end":{"line":20,"column":29}},"10":{"start":{"line":21,"column":19},"end":{"line":21,"column":30}},"11":{"start":{"line":23,"column":25},"end":{"line":23,"column":87}},"12":{"start":{"line":24,"column":4},"end":{"line":24,"column":94}},"13":{"start":{"line":24,"column":23},"end":{"line":24,"column":94}},"14":{"start":{"line":26,"column":4},"end":{"line":26,"column":32}},"15":{"start":{"line":27,"column":4},"end":{"line":27,"column":30}},"16":{"start":{"line":29,"column":4},"end":{"line":29,"column":47}},"17":{"start":{"line":31,"column":4},"end":{"line":31,"column":76}},"18":{"start":{"line":36,"column":0},"end":{"line":48,"column":2}},"19":{"start":{"line":37,"column":2},"end":{"line":47,"column":3}},"20":{"start":{"line":38,"column":19},"end":{"line":38,"column":30}},"21":{"start":{"line":40,"column":4},"end":{"line":42,"column":7}},"22":{"start":{"line":44,"column":4},"end":{"line":44,"column":76}},"23":{"start":{"line":46,"column":4},"end":{"line":46,"column":76}}},"fnMap":{"0":{"name":"(anonymous_0)","decl":{"start":{"line":4,"column":31},"end":{"line":4,"column":32}},"loc":{"start":{"line":4,"column":51},"end":{"line":15,"column":1}},"line":4},"1":{"name":"(anonymous_1)","decl":{"start":{"line":18,"column":21},"end":{"line":18,"column":22}},"loc":{"start":{"line":18,"column":41},"end":{"line":33,"column":1}},"line":18},"2":{"name":"(anonymous_2)","decl":{"start":{"line":36,"column":33},"end":{"line":36,"column":34}},"loc":{"start":{"line":36,"column":53},"end":{"line":48,"column":1}},"line":36}},"branchMap":{"0":{"loc":{"start":{"line":24,"column":4},"end":{"line":24,"column":94}},"type":"if","locations":[{"start":{"line":24,"column":4},"end":{"line":24,"column":94}},{"start":{},"end":{}}],"line":24}},"s":{"0":1,"1":1,"2":0,"3":0,"4":0,"5":0,"6":0,"7":1,"8":0,"9":0,"10":0,"11":0,"12":0,"13":0,"14":0,"15":0,"16":0,"17":0,"18":1,"19":0,"20":0,"21":0,"22":0,"23":0},"f":{"0":0,"1":0,"2":0},"b":{"0":[0,0]},"_coverageSchema":"1a1c01bbd47fc00a2c39e90264f33305004495a9","hash":"ae36874a114d3f43834d43d99193b9ee7823a2d1"}
,"C:\\IKSAN\\SEMESTER 6\\WEB\\splitweb3\\backend\\controllers\\transactionController.js": {"path":"C:\\IKSAN\\SEMESTER 6\\WEB\\splitweb3\\backend\\controllers\\transactionController.js","statementMap":{"0":{"start":{"line":1,"column":30},"end":{"line":1,"column":50}},"1":{"start":{"line":2,"column":15},"end":{"line":2,"column":35}},"2":{"start":{"line":4,"column":0},"end":{"line":41,"column":2}},"3":{"start":{"line":5,"column":2},"end":{"line":40,"column":3}},"4":{"start":{"line":6,"column":19},"end":{"line":6,"column":30}},"5":{"start":{"line":9,"column":25},"end":{"line":17,"column":6}},"6":{"start":{"line":20,"column":18},"end":{"line":20,"column":68}},"7":{"start":{"line":23,"column":24},"end":{"line":34,"column":6}},"8":{"start":{"line":24,"column":23},"end":{"line":24,"column":64}},"9":{"start":{"line":24,"column":39},"end":{"line":24,"column":63}},"10":{"start":{"line":25,"column":21},"end":{"line":25,"column":60}},"11":{"start":{"line":25,"column":37},"end":{"line":25,"column":59}},"12":{"start":{"line":27,"column":6},"end":{"line":33,"column":8}},"13":{"start":{"line":36,"column":4},"end":{"line":36,"column":26}},"14":{"start":{"line":38,"column":4},"end":{"line":38,"column":49}},"15":{"start":{"line":39,"column":4},"end":{"line":39,"column":76}},"16":{"start":{"line":44,"column":0},"end":{"line":63,"column":2}},"17":{"start":{"line":45,"column":2},"end":{"line":62,"column":3}},"18":{"start":{"line":46,"column":19},"end":{"line":46,"column":30}},"19":{"start":{"line":49,"column":4},"end":{"line":56,"column":7}},"20":{"start":{"line":58,"column":4},"end":{"line":58,"column":75}},"21":{"start":{"line":60,"column":4},"end":{"line":60,"column":52}},"22":{"start":{"line":61,"column":4},"end":{"line":61,"column":76}}},"fnMap":{"0":{"name":"(anonymous_0)","decl":{"start":{"line":4,"column":25},"end":{"line":4,"column":26}},"loc":{"start":{"line":4,"column":45},"end":{"line":41,"column":1}},"line":4},"1":{"name":"(anonymous_1)","decl":{"start":{"line":23,"column":41},"end":{"line":23,"column":42}},"loc":{"start":{"line":23,"column":47},"end":{"line":34,"column":5}},"line":23},"2":{"name":"(anonymous_2)","decl":{"start":{"line":24,"column":34},"end":{"line":24,"column":35}},"loc":{"start":{"line":24,"column":39},"end":{"line":24,"column":63}},"line":24},"3":{"name":"(anonymous_3)","decl":{"start":{"line":25,"column":32},"end":{"line":25,"column":33}},"loc":{"start":{"line":25,"column":37},"end":{"line":25,"column":59}},"line":25},"4":{"name":"(anonymous_4)","decl":{"start":{"line":44,"column":27},"end":{"line":44,"column":28}},"loc":{"start":{"line":44,"column":47},"end":{"line":63,"column":1}},"line":44}},"branchMap":{"0":{"loc":{"start":{"line":29,"column":19},"end":{"line":29,"column":55}},"type":"cond-expr","locations":[{"start":{"line":29,"column":30},"end":{"line":29,"column":43}},{"start":{"line":29,"column":46},"end":{"line":29,"column":55}}],"line":29},"1":{"loc":{"start":{"line":30,"column":17},"end":{"line":30,"column":49}},"type":"cond-expr","locations":[{"start":{"line":30,"column":26},"end":{"line":30,"column":37}},{"start":{"line":30,"column":40},"end":{"line":30,"column":49}}],"line":30}},"s":{"0":1,"1":1,"2":1,"3":0,"4":0,"5":0,"6":0,"7":0,"8":0,"9":0,"10":0,"11":0,"12":0,"13":0,"14":0,"15":0,"16":1,"17":0,"18":0,"19":0,"20":0,"21":0,"22":0},"f":{"0":0,"1":0,"2":0,"3":0,"4":0},"b":{"0":[0,0],"1":[0,0]},"_coverageSchema":"1a1c01bbd47fc00a2c39e90264f33305004495a9","hash":"3988f9d7201f6d60286d5a315a3c6bcec633f6dc"}
,"C:\\IKSAN\\SEMESTER 6\\WEB\\splitweb3\\backend\\middleware\\authMiddleware.js": {"path":"C:\\IKSAN\\SEMESTER 6\\WEB\\splitweb3\\backend\\middleware\\authMiddleware.js","statementMap":{"0":{"start":{"line":1,"column":12},"end":{"line":1,"column":35}},"1":{"start":{"line":3,"column":23},"end":{"line":25,"column":1}},"2":{"start":{"line":5,"column":2},"end":{"line":8,"column":3}},"3":{"start":{"line":6,"column":4},"end":{"line":6,"column":25}},"4":{"start":{"line":7,"column":4},"end":{"line":7,"column":18}},"5":{"start":{"line":12,"column":16},"end":{"line":12,"column":58}},"6":{"start":{"line":14,"column":2},"end":{"line":16,"column":3}},"7":{"start":{"line":15,"column":4},"end":{"line":15,"column":85}},"8":{"start":{"line":18,"column":2},"end":{"line":24,"column":3}},"9":{"start":{"line":19,"column":20},"end":{"line":19,"column":61}},"10":{"start":{"line":20,"column":4},"end":{"line":20,"column":23}},"11":{"start":{"line":21,"column":4},"end":{"line":21,"column":11}},"12":{"start":{"line":23,"column":4},"end":{"line":23,"column":59}},"13":{"start":{"line":27,"column":0},"end":{"line":27,"column":32}}},"fnMap":{"0":{"name":"(anonymous_0)","decl":{"start":{"line":3,"column":23},"end":{"line":3,"column":24}},"loc":{"start":{"line":3,"column":43},"end":{"line":25,"column":1}},"line":3}},"branchMap":{"0":{"loc":{"start":{"line":5,"column":2},"end":{"line":8,"column":3}},"type":"if","locations":[{"start":{"line":5,"column":2},"end":{"line":8,"column":3}},{"start":{},"end":{}}],"line":5},"1":{"loc":{"start":{"line":14,"column":2},"end":{"line":16,"column":3}},"type":"if","locations":[{"start":{"line":14,"column":2},"end":{"line":16,"column":3}},{"start":{},"end":{}}],"line":14}},"s":{"0":1,"1":1,"2":9,"3":9,"4":9,"5":0,"6":0,"7":0,"8":0,"9":0,"10":0,"11":0,"12":0,"13":1},"f":{"0":9},"b":{"0":[9,0],"1":[0,0]},"_coverageSchema":"1a1c01bbd47fc00a2c39e90264f33305004495a9","hash":"fd31bcb3ff2b447162e892d421825d62c1fa86ab"}
,"C:\\IKSAN\\SEMESTER 6\\WEB\\splitweb3\\backend\\models\\bill.js": {"path":"C:\\IKSAN\\SEMESTER 6\\WEB\\splitweb3\\backend\\models\\bill.js","statementMap":{"0":{"start":{"line":2,"column":18},"end":{"line":2,"column":38}},"1":{"start":{"line":4,"column":0},"end":{"line":21,"column":2}},"2":{"start":{"line":10,"column":2},"end":{"line":19,"column":5}},"3":{"start":{"line":20,"column":2},"end":{"line":20,"column":14}}},"fnMap":{"0":{"name":"(anonymous_0)","decl":{"start":{"line":4,"column":17},"end":{"line":4,"column":18}},"loc":{"start":{"line":4,"column":43},"end":{"line":21,"column":1}},"line":4},"1":{"name":"(anonymous_1)","decl":{"start":{"line":6,"column":4},"end":{"line":6,"column":5}},"loc":{"start":{"line":6,"column":29},"end":{"line":8,"column":5}},"line":6}},"branchMap":{},"s":{"0":1,"1":1,"2":1,"3":1},"f":{"0":1,"1":1},"b":{},"_coverageSchema":"1a1c01bbd47fc00a2c39e90264f33305004495a9","hash":"c1323f7543e8983d17d328fa4379cf2e55e8578d"}
,"C:\\IKSAN\\SEMESTER 6\\WEB\\splitweb3\\backend\\models\\billsplit.js": {"path":"C:\\IKSAN\\SEMESTER 6\\WEB\\splitweb3\\backend\\models\\billsplit.js","statementMap":{"0":{"start":{"line":2,"column":18},"end":{"line":2,"column":38}},"1":{"start":{"line":4,"column":0},"end":{"line":28,"column":2}},"2":{"start":{"line":10,"column":2},"end":{"line":26,"column":5}},"3":{"start":{"line":27,"column":2},"end":{"line":27,"column":19}}},"fnMap":{"0":{"name":"(anonymous_0)","decl":{"start":{"line":4,"column":17},"end":{"line":4,"column":18}},"loc":{"start":{"line":4,"column":43},"end":{"line":28,"column":1}},"line":4},"1":{"name":"(anonymous_1)","decl":{"start":{"line":6,"column":4},"end":{"line":6,"column":5}},"loc":{"start":{"line":6,"column":29},"end":{"line":8,"column":5}},"line":6}},"branchMap":{},"s":{"0":1,"1":1,"2":1,"3":1},"f":{"0":1,"1":1},"b":{},"_coverageSchema":"1a1c01bbd47fc00a2c39e90264f33305004495a9","hash":"9603b7a6a67978938b5c651e84fb7b6a50f1bd4f"}
,"C:\\IKSAN\\SEMESTER 6\\WEB\\splitweb3\\backend\\models\\group.js": {"path":"C:\\IKSAN\\SEMESTER 6\\WEB\\splitweb3\\backend\\models\\group.js","statementMap":{"0":{"start":{"line":4,"column":4},"end":{"line":4,"column":24}},"1":{"start":{"line":5,"column":0},"end":{"line":25,"column":2}},"2":{"start":{"line":16,"column":2},"end":{"line":23,"column":5}},"3":{"start":{"line":24,"column":2},"end":{"line":24,"column":15}}},"fnMap":{"0":{"name":"(anonymous_0)","decl":{"start":{"line":5,"column":17},"end":{"line":5,"column":18}},"loc":{"start":{"line":5,"column":43},"end":{"line":25,"column":1}},"line":5},"1":{"name":"(anonymous_1)","decl":{"start":{"line":12,"column":4},"end":{"line":12,"column":5}},"loc":{"start":{"line":12,"column":29},"end":{"line":14,"column":5}},"line":12}},"branchMap":{},"s":{"0":1,"1":1,"2":1,"3":1},"f":{"0":1,"1":1},"b":{},"_coverageSchema":"1a1c01bbd47fc00a2c39e90264f33305004495a9","hash":"48ae167ca45dcb827235b08f36317657e2b53176"}
,"C:\\IKSAN\\SEMESTER 6\\WEB\\splitweb3\\backend\\models\\groupmember.js": {"path":"C:\\IKSAN\\SEMESTER 6\\WEB\\splitweb3\\backend\\models\\groupmember.js","statementMap":{"0":{"start":{"line":4,"column":4},"end":{"line":4,"column":24}},"1":{"start":{"line":5,"column":0},"end":{"line":24,"column":2}},"2":{"start":{"line":16,"column":2},"end":{"line":22,"column":5}},"3":{"start":{"line":23,"column":2},"end":{"line":23,"column":21}}},"fnMap":{"0":{"name":"(anonymous_0)","decl":{"start":{"line":5,"column":17},"end":{"line":5,"column":18}},"loc":{"start":{"line":5,"column":43},"end":{"line":24,"column":1}},"line":5},"1":{"name":"(anonymous_1)","decl":{"start":{"line":12,"column":4},"end":{"line":12,"column":5}},"loc":{"start":{"line":12,"column":29},"end":{"line":14,"column":5}},"line":12}},"branchMap":{},"s":{"0":1,"1":1,"2":1,"3":1},"f":{"0":1,"1":1},"b":{},"_coverageSchema":"1a1c01bbd47fc00a2c39e90264f33305004495a9","hash":"cdb22290eae04ea2e5f0fb707669e5f26b4ceaa2"}
,"C:\\IKSAN\\SEMESTER 6\\WEB\\splitweb3\\backend\\models\\index.js": {"path":"C:\\IKSAN\\SEMESTER 6\\WEB\\splitweb3\\backend\\models\\index.js","statementMap":{"0":{"start":{"line":1,"column":0},"end":{"line":1,"column":18}},"1":{"start":{"line":2,"column":0},"end":{"line":2,"column":13}},"2":{"start":{"line":4,"column":18},"end":{"line":4,"column":38}},"3":{"start":{"line":5,"column":16},"end":{"line":5,"column":34}},"4":{"start":{"line":6,"column":12},"end":{"line":6,"column":49}},"5":{"start":{"line":7,"column":15},"end":{"line":7,"column":63}},"6":{"start":{"line":8,"column":11},"end":{"line":8,"column":13}},"7":{"start":{"line":11,"column":0},"end":{"line":15,"column":1}},"8":{"start":{"line":12,"column":2},"end":{"line":12,"column":74}},"9":{"start":{"line":14,"column":2},"end":{"line":14,"column":87}},"10":{"start":{"line":18,"column":0},"end":{"line":18,"column":60}},"11":{"start":{"line":19,"column":0},"end":{"line":19,"column":62}},"12":{"start":{"line":20,"column":0},"end":{"line":20,"column":74}},"13":{"start":{"line":21,"column":0},"end":{"line":21,"column":60}},"14":{"start":{"line":22,"column":0},"end":{"line":22,"column":70}},"15":{"start":{"line":23,"column":0},"end":{"line":23,"column":74}},"16":{"start":{"line":24,"column":0},"end":{"line":24,"column":76}},"17":{"start":{"line":27,"column":0},"end":{"line":31,"column":3}},"18":{"start":{"line":28,"column":2},"end":{"line":30,"column":3}},"19":{"start":{"line":29,"column":4},"end":{"line":29,"column":32}},"20":{"start":{"line":33,"column":0},"end":{"line":33,"column":25}},"21":{"start":{"line":34,"column":0},"end":{"line":34,"column":25}},"22":{"start":{"line":36,"column":0},"end":{"line":36,"column":20}}},"fnMap":{"0":{"name":"(anonymous_0)","decl":{"start":{"line":27,"column":24},"end":{"line":27,"column":25}},"loc":{"start":{"line":27,"column":37},"end":{"line":31,"column":1}},"line":27}},"branchMap":{"0":{"loc":{"start":{"line":6,"column":12},"end":{"line":6,"column":49}},"type":"binary-expr","locations":[{"start":{"line":6,"column":12},"end":{"line":6,"column":32}},{"start":{"line":6,"column":36},"end":{"line":6,"column":49}}],"line":6},"1":{"loc":{"start":{"line":11,"column":0},"end":{"line":15,"column":1}},"type":"if","locations":[{"start":{"line":11,"column":0},"end":{"line":15,"column":1}},{"start":{"line":13,"column":7},"end":{"line":15,"column":1}}],"line":11},"2":{"loc":{"start":{"line":28,"column":2},"end":{"line":30,"column":3}},"type":"if","locations":[{"start":{"line":28,"column":2},"end":{"line":30,"column":3}},{"start":{},"end":{}}],"line":28}},"s":{"0":1,"1":1,"2":1,"3":1,"4":1,"5":1,"6":1,"7":1,"8":0,"9":1,"10":1,"11":1,"12":1,"13":1,"14":1,"15":1,"16":1,"17":1,"18":7,"19":7,"20":1,"21":1,"22":1},"f":{"0":7},"b":{"0":[1,0],"1":[0,1],"2":[7,0]},"_coverageSchema":"1a1c01bbd47fc00a2c39e90264f33305004495a9","hash":"a3b799979048fe4c685b6e2cd7537811fd50bde9"}
,"C:\\IKSAN\\SEMESTER 6\\WEB\\splitweb3\\backend\\models\\notification.js": {"path":"C:\\IKSAN\\SEMESTER 6\\WEB\\splitweb3\\backend\\models\\notification.js","statementMap":{"0":{"start":{"line":2,"column":18},"end":{"line":2,"column":38}},"1":{"start":{"line":4,"column":0},"end":{"line":27,"column":2}},"2":{"start":{"line":10,"column":2},"end":{"line":25,"column":5}},"3":{"start":{"line":26,"column":2},"end":{"line":26,"column":22}}},"fnMap":{"0":{"name":"(anonymous_0)","decl":{"start":{"line":4,"column":17},"end":{"line":4,"column":18}},"loc":{"start":{"line":4,"column":43},"end":{"line":27,"column":1}},"line":4},"1":{"name":"(anonymous_1)","decl":{"start":{"line":6,"column":4},"end":{"line":6,"column":5}},"loc":{"start":{"line":6,"column":29},"end":{"line":8,"column":5}},"line":6}},"branchMap":{},"s":{"0":1,"1":1,"2":1,"3":1},"f":{"0":1,"1":1},"b":{},"_coverageSchema":"1a1c01bbd47fc00a2c39e90264f33305004495a9","hash":"4bbcd866d43d477ebf5d30bde520849b732afb73"}
,"C:\\IKSAN\\SEMESTER 6\\WEB\\splitweb3\\backend\\models\\transaction.js": {"path":"C:\\IKSAN\\SEMESTER 6\\WEB\\splitweb3\\backend\\models\\transaction.js","statementMap":{"0":{"start":{"line":2,"column":18},"end":{"line":2,"column":38}},"1":{"start":{"line":4,"column":0},"end":{"line":29,"column":2}},"2":{"start":{"line":10,"column":2},"end":{"line":27,"column":5}},"3":{"start":{"line":28,"column":2},"end":{"line":28,"column":21}}},"fnMap":{"0":{"name":"(anonymous_0)","decl":{"start":{"line":4,"column":17},"end":{"line":4,"column":18}},"loc":{"start":{"line":4,"column":43},"end":{"line":29,"column":1}},"line":4},"1":{"name":"(anonymous_1)","decl":{"start":{"line":6,"column":4},"end":{"line":6,"column":5}},"loc":{"start":{"line":6,"column":29},"end":{"line":8,"column":5}},"line":6}},"branchMap":{},"s":{"0":1,"1":1,"2":1,"3":1},"f":{"0":1,"1":1},"b":{},"_coverageSchema":"1a1c01bbd47fc00a2c39e90264f33305004495a9","hash":"a9a16e1352f4aa3b392215a14d67ec9a95807a6e"}
,"C:\\IKSAN\\SEMESTER 6\\WEB\\splitweb3\\backend\\models\\user.js": {"path":"C:\\IKSAN\\SEMESTER 6\\WEB\\splitweb3\\backend\\models\\user.js","statementMap":{"0":{"start":{"line":2,"column":18},"end":{"line":2,"column":38}},"1":{"start":{"line":4,"column":0},"end":{"line":36,"column":2}},"2":{"start":{"line":11,"column":2},"end":{"line":33,"column":5}},"3":{"start":{"line":35,"column":2},"end":{"line":35,"column":14}}},"fnMap":{"0":{"name":"(anonymous_0)","decl":{"start":{"line":4,"column":17},"end":{"line":4,"column":18}},"loc":{"start":{"line":4,"column":43},"end":{"line":36,"column":1}},"line":4},"1":{"name":"(anonymous_1)","decl":{"start":{"line":6,"column":4},"end":{"line":6,"column":5}},"loc":{"start":{"line":6,"column":29},"end":{"line":8,"column":5}},"line":6}},"branchMap":{},"s":{"0":1,"1":1,"2":1,"3":1},"f":{"0":1,"1":1},"b":{},"_coverageSchema":"1a1c01bbd47fc00a2c39e90264f33305004495a9","hash":"2519e498eb3e68faf4f1d14a0a62f9aa94e0402c"}
,"C:\\IKSAN\\SEMESTER 6\\WEB\\splitweb3\\backend\\routes\\authRoutes.js": {"path":"C:\\IKSAN\\SEMESTER 6\\WEB\\splitweb3\\backend\\routes\\authRoutes.js","statementMap":{"0":{"start":{"line":1,"column":16},"end":{"line":1,"column":34}},"1":{"start":{"line":2,"column":15},"end":{"line":2,"column":31}},"2":{"start":{"line":3,"column":23},"end":{"line":3,"column":63}},"3":{"start":{"line":6,"column":23},"end":{"line":6,"column":62}},"4":{"start":{"line":8,"column":0},"end":{"line":8,"column":50}},"5":{"start":{"line":9,"column":0},"end":{"line":9,"column":44}},"6":{"start":{"line":12,"column":0},"end":{"line":12,"column":81}},"7":{"start":{"line":14,"column":0},"end":{"line":14,"column":24}}},"fnMap":{},"branchMap":{},"s":{"0":1,"1":1,"2":1,"3":1,"4":1,"5":1,"6":1,"7":1},"f":{},"b":{},"_coverageSchema":"1a1c01bbd47fc00a2c39e90264f33305004495a9","hash":"8bd944bd317cea5fdb35ca7e9d5573507c6afa88"}
,"C:\\IKSAN\\SEMESTER 6\\WEB\\splitweb3\\backend\\routes\\billRoutes.js": {"path":"C:\\IKSAN\\SEMESTER 6\\WEB\\splitweb3\\backend\\routes\\billRoutes.js","statementMap":{"0":{"start":{"line":1,"column":16},"end":{"line":1,"column":34}},"1":{"start":{"line":2,"column":15},"end":{"line":2,"column":31}},"2":{"start":{"line":3,"column":23},"end":{"line":3,"column":63}},"3":{"start":{"line":4,"column":23},"end":{"line":4,"column":62}},"4":{"start":{"line":5,"column":11},"end":{"line":5,"column":31}},"5":{"start":{"line":8,"column":19},"end":{"line":8,"column":43}},"6":{"start":{"line":9,"column":30},"end":{"line":9,"column":66}},"7":{"start":{"line":10,"column":15},"end":{"line":10,"column":32}},"8":{"start":{"line":13,"column":0},"end":{"line":17,"column":3}},"9":{"start":{"line":20,"column":16},"end":{"line":27,"column":2}},"10":{"start":{"line":29,"column":15},"end":{"line":29,"column":43}},"11":{"start":{"line":36,"column":0},"end":{"line":36,"column":89}},"12":{"start":{"line":38,"column":0},"end":{"line":38,"column":76}},"13":{"start":{"line":39,"column":0},"end":{"line":39,"column":66}},"14":{"start":{"line":40,"column":0},"end":{"line":40,"column":77}},"15":{"start":{"line":41,"column":0},"end":{"line":41,"column":85}},"16":{"start":{"line":47,"column":0},"end":{"line":109,"column":3}},"17":{"start":{"line":48,"column":2},"end":{"line":108,"column":3}},"18":{"start":{"line":49,"column":24},"end":{"line":49,"column":34}},"19":{"start":{"line":50,"column":19},"end":{"line":50,"column":30}},"20":{"start":{"line":52,"column":18},"end":{"line":52,"column":54}},"21":{"start":{"line":53,"column":4},"end":{"line":53,"column":97}},"22":{"start":{"line":53,"column":16},"end":{"line":53,"column":97}},"23":{"start":{"line":55,"column":17},"end":{"line":55,"column":54}},"24":{"start":{"line":58,"column":4},"end":{"line":75,"column":5}},"25":{"start":{"line":59,"column":6},"end":{"line":59,"column":28}},"26":{"start":{"line":60,"column":6},"end":{"line":60,"column":27}},"27":{"start":{"line":61,"column":6},"end":{"line":61,"column":25}},"28":{"start":{"line":63,"column":6},"end":{"line":72,"column":80}},"29":{"start":{"line":64,"column":8},"end":{"line":71,"column":11}},"30":{"start":{"line":72,"column":22},"end":{"line":72,"column":78}},"31":{"start":{"line":74,"column":6},"end":{"line":74,"column":103}},"32":{"start":{"line":78,"column":4},"end":{"line":102,"column":5}},"33":{"start":{"line":79,"column":6},"end":{"line":79,"column":94}},"34":{"start":{"line":79,"column":25},"end":{"line":79,"column":94}},"35":{"start":{"line":81,"column":6},"end":{"line":81,"column":31}},"36":{"start":{"line":84,"column":6},"end":{"line":86,"column":7}},"37":{"start":{"line":85,"column":10},"end":{"line":85,"column":47}},"38":{"start":{"line":88,"column":6},"end":{"line":88,"column":25}},"39":{"start":{"line":90,"column":6},"end":{"line":99,"column":7}},"40":{"start":{"line":91,"column":8},"end":{"line":96,"column":11}},"41":{"start":{"line":98,"column":8},"end":{"line":98,"column":68}},"42":{"start":{"line":101,"column":6},"end":{"line":101,"column":95}},"43":{"start":{"line":104,"column":4},"end":{"line":104,"column":87}},"44":{"start":{"line":107,"column":4},"end":{"line":107,"column":51}},"45":{"start":{"line":111,"column":0},"end":{"line":158,"column":3}},"46":{"start":{"line":112,"column":2},"end":{"line":157,"column":3}},"47":{"start":{"line":113,"column":24},"end":{"line":113,"column":34}},"48":{"start":{"line":114,"column":19},"end":{"line":114,"column":30}},"49":{"start":{"line":116,"column":18},"end":{"line":116,"column":54}},"50":{"start":{"line":117,"column":4},"end":{"line":117,"column":84}},"51":{"start":{"line":117,"column":16},"end":{"line":117,"column":84}},"52":{"start":{"line":119,"column":17},"end":{"line":119,"column":54}},"53":{"start":{"line":121,"column":4},"end":{"line":123,"column":5}},"54":{"start":{"line":122,"column":6},"end":{"line":122,"column":117}},"55":{"start":{"line":125,"column":4},"end":{"line":125,"column":26}},"56":{"start":{"line":126,"column":4},"end":{"line":126,"column":25}},"57":{"start":{"line":127,"column":4},"end":{"line":127,"column":23}},"58":{"start":{"line":129,"column":4},"end":{"line":141,"column":5}},"59":{"start":{"line":130,"column":8},"end":{"line":138,"column":11}},"60":{"start":{"line":140,"column":8},"end":{"line":140,"column":67}},"61":{"start":{"line":143,"column":4},"end":{"line":152,"column":5}},"62":{"start":{"line":144,"column":8},"end":{"line":149,"column":11}},"63":{"start":{"line":151,"column":8},"end":{"line":151,"column":64}},"64":{"start":{"line":154,"column":4},"end":{"line":154,"column":84}},"65":{"start":{"line":156,"column":4},"end":{"line":156,"column":51}},"66":{"start":{"line":160,"column":0},"end":{"line":160,"column":24}}},"fnMap":{"0":{"name":"(anonymous_0)","decl":{"start":{"line":47,"column":90},"end":{"line":47,"column":91}},"loc":{"start":{"line":47,"column":110},"end":{"line":109,"column":1}},"line":47},"1":{"name":"(anonymous_1)","decl":{"start":{"line":111,"column":49},"end":{"line":111,"column":50}},"loc":{"start":{"line":111,"column":69},"end":{"line":158,"column":1}},"line":111}},"branchMap":{"0":{"loc":{"start":{"line":53,"column":4},"end":{"line":53,"column":97}},"type":"if","locations":[{"start":{"line":53,"column":4},"end":{"line":53,"column":97}},{"start":{},"end":{}}],"line":53},"1":{"loc":{"start":{"line":58,"column":4},"end":{"line":75,"column":5}},"type":"if","locations":[{"start":{"line":58,"column":4},"end":{"line":75,"column":5}},{"start":{},"end":{}}],"line":58},"2":{"loc":{"start":{"line":78,"column":4},"end":{"line":102,"column":5}},"type":"if","locations":[{"start":{"line":78,"column":4},"end":{"line":102,"column":5}},{"start":{},"end":{}}],"line":78},"3":{"loc":{"start":{"line":79,"column":6},"end":{"line":79,"column":94}},"type":"if","locations":[{"start":{"line":79,"column":6},"end":{"line":79,"column":94}},{"start":{},"end":{}}],"line":79},"4":{"loc":{"start":{"line":84,"column":6},"end":{"line":86,"column":7}},"type":"if","locations":[{"start":{"line":84,"column":6},"end":{"line":86,"column":7}},{"start":{},"end":{}}],"line":84},"5":{"loc":{"start":{"line":117,"column":4},"end":{"line":117,"column":84}},"type":"if","locations":[{"start":{"line":117,"column":4},"end":{"line":117,"column":84}},{"start":{},"end":{}}],"line":117},"6":{"loc":{"start":{"line":121,"column":4},"end":{"line":123,"column":5}},"type":"if","locations":[{"start":{"line":121,"column":4},"end":{"line":123,"column":5}},{"start":{},"end":{}}],"line":121}},"s":{"0":1,"1":1,"2":1,"3":1,"4":1,"5":1,"6":1,"7":1,"8":1,"9":1,"10":1,"11":1,"12":1,"13":1,"14":1,"15":1,"16":1,"17":0,"18":0,"19":0,"20":0,"21":0,"22":0,"23":0,"24":0,"25":0,"26":0,"27":0,"28":0,"29":0,"30":0,"31":0,"32":0,"33":0,"34":0,"35":0,"36":0,"37":0,"38":0,"39":0,"40":0,"41":0,"42":0,"43":0,"44":0,"45":1,"46":0,"47":0,"48":0,"49":0,"50":0,"51":0,"52":0,"53":0,"54":0,"55":0,"56":0,"57":0,"58":0,"59":0,"60":0,"61":0,"62":0,"63":0,"64":0,"65":0,"66":1},"f":{"0":0,"1":0},"b":{"0":[0,0],"1":[0,0],"2":[0,0],"3":[0,0],"4":[0,0],"5":[0,0],"6":[0,0]},"_coverageSchema":"1a1c01bbd47fc00a2c39e90264f33305004495a9","hash":"a6e2a625803f2c00e0dc5c3c98ec86cd1c5d2185"}
,"C:\\IKSAN\\SEMESTER 6\\WEB\\splitweb3\\backend\\routes\\dashboardRoutes.js": {"path":"C:\\IKSAN\\SEMESTER 6\\WEB\\splitweb3\\backend\\routes\\dashboardRoutes.js","statementMap":{"0":{"start":{"line":1,"column":16},"end":{"line":1,"column":34}},"1":{"start":{"line":2,"column":15},"end":{"line":2,"column":31}},"2":{"start":{"line":3,"column":11},"end":{"line":3,"column":31}},"3":{"start":{"line":4,"column":23},"end":{"line":4,"column":43}},"4":{"start":{"line":6,"column":23},"end":{"line":6,"column":62}},"5":{"start":{"line":8,"column":0},"end":{"line":77,"column":3}},"6":{"start":{"line":9,"column":2},"end":{"line":76,"column":3}},"7":{"start":{"line":10,"column":19},"end":{"line":10,"column":30}},"8":{"start":{"line":13,"column":25},"end":{"line":23,"column":6}},"9":{"start":{"line":26,"column":26},"end":{"line":36,"column":6}},"10":{"start":{"line":39,"column":26},"end":{"line":47,"column":6}},"11":{"start":{"line":50,"column":25},"end":{"line":63,"column":6}},"12":{"start":{"line":66,"column":4},"end":{"line":71,"column":7}},"13":{"start":{"line":74,"column":4},"end":{"line":74,"column":73}},"14":{"start":{"line":75,"column":4},"end":{"line":75,"column":85}},"15":{"start":{"line":79,"column":0},"end":{"line":79,"column":24}}},"fnMap":{"0":{"name":"(anonymous_0)","decl":{"start":{"line":8,"column":39},"end":{"line":8,"column":40}},"loc":{"start":{"line":8,"column":59},"end":{"line":77,"column":1}},"line":8}},"branchMap":{"0":{"loc":{"start":{"line":67,"column":19},"end":{"line":67,"column":53}},"type":"binary-expr","locations":[{"start":{"line":67,"column":19},"end":{"line":67,"column":48}},{"start":{"line":67,"column":52},"end":{"line":67,"column":53}}],"line":67},"1":{"loc":{"start":{"line":68,"column":20},"end":{"line":68,"column":56}},"type":"binary-expr","locations":[{"start":{"line":68,"column":20},"end":{"line":68,"column":51}},{"start":{"line":68,"column":55},"end":{"line":68,"column":56}}],"line":68},"2":{"loc":{"start":{"line":69,"column":20},"end":{"line":69,"column":51}},"type":"binary-expr","locations":[{"start":{"line":69,"column":20},"end":{"line":69,"column":46}},{"start":{"line":69,"column":50},"end":{"line":69,"column":51}}],"line":69},"3":{"loc":{"start":{"line":70,"column":19},"end":{"line":70,"column":37}},"type":"binary-expr","locations":[{"start":{"line":70,"column":19},"end":{"line":70,"column":31}},{"start":{"line":70,"column":35},"end":{"line":70,"column":37}}],"line":70}},"s":{"0":1,"1":1,"2":1,"3":1,"4":1,"5":1,"6":0,"7":0,"8":0,"9":0,"10":0,"11":0,"12":0,"13":0,"14":0,"15":1},"f":{"0":0},"b":{"0":[0,0],"1":[0,0],"2":[0,0],"3":[0,0]},"_coverageSchema":"1a1c01bbd47fc00a2c39e90264f33305004495a9","hash":"a3a88ffad2221a124c39d5492ac6d577c6c48ed8"}
,"C:\\IKSAN\\SEMESTER 6\\WEB\\splitweb3\\backend\\routes\\groupRoutes.js": {"path":"C:\\IKSAN\\SEMESTER 6\\WEB\\splitweb3\\backend\\routes\\groupRoutes.js","statementMap":{"0":{"start":{"line":1,"column":16},"end":{"line":1,"column":34}},"1":{"start":{"line":2,"column":15},"end":{"line":2,"column":31}},"2":{"start":{"line":3,"column":24},"end":{"line":3,"column":65}},"3":{"start":{"line":4,"column":23},"end":{"line":4,"column":62}},"4":{"start":{"line":7,"column":0},"end":{"line":7,"column":63}},"5":{"start":{"line":10,"column":0},"end":{"line":10,"column":62}},"6":{"start":{"line":13,"column":0},"end":{"line":13,"column":65}},"7":{"start":{"line":16,"column":0},"end":{"line":16,"column":68}},"8":{"start":{"line":19,"column":0},"end":{"line":19,"column":67}},"9":{"start":{"line":22,"column":0},"end":{"line":22,"column":72}},"10":{"start":{"line":24,"column":0},"end":{"line":24,"column":24}}},"fnMap":{},"branchMap":{},"s":{"0":1,"1":1,"2":1,"3":1,"4":1,"5":1,"6":1,"7":1,"8":1,"9":1,"10":1},"f":{},"b":{},"_coverageSchema":"1a1c01bbd47fc00a2c39e90264f33305004495a9","hash":"2e19b03b1ad3b476e1650860ef17656086b22a79"}
,"C:\\IKSAN\\SEMESTER 6\\WEB\\splitweb3\\backend\\routes\\notificationRoutes.js": {"path":"C:\\IKSAN\\SEMESTER 6\\WEB\\splitweb3\\backend\\routes\\notificationRoutes.js","statementMap":{"0":{"start":{"line":1,"column":16},"end":{"line":1,"column":34}},"1":{"start":{"line":2,"column":15},"end":{"line":2,"column":31}},"2":{"start":{"line":3,"column":31},"end":{"line":3,"column":79}},"3":{"start":{"line":4,"column":23},"end":{"line":4,"column":62}},"4":{"start":{"line":6,"column":0},"end":{"line":6,"column":77}},"5":{"start":{"line":7,"column":0},"end":{"line":7,"column":75}},"6":{"start":{"line":8,"column":0},"end":{"line":8,"column":82}},"7":{"start":{"line":10,"column":0},"end":{"line":10,"column":24}}},"fnMap":{},"branchMap":{},"s":{"0":1,"1":1,"2":1,"3":1,"4":1,"5":1,"6":1,"7":1},"f":{},"b":{},"_coverageSchema":"1a1c01bbd47fc00a2c39e90264f33305004495a9","hash":"bf46b2f025dc9307b826f9881650a83562efc81b"}
,"C:\\IKSAN\\SEMESTER 6\\WEB\\splitweb3\\backend\\routes\\transactionRoutes.js": {"path":"C:\\IKSAN\\SEMESTER 6\\WEB\\splitweb3\\backend\\routes\\transactionRoutes.js","statementMap":{"0":{"start":{"line":1,"column":16},"end":{"line":1,"column":34}},"1":{"start":{"line":2,"column":15},"end":{"line":2,"column":31}},"2":{"start":{"line":3,"column":35},"end":{"line":3,"column":63}},"3":{"start":{"line":4,"column":30},"end":{"line":4,"column":77}},"4":{"start":{"line":5,"column":23},"end":{"line":5,"column":62}},"5":{"start":{"line":10,"column":28},"end":{"line":34,"column":1}},"6":{"start":{"line":14,"column":23},"end":{"line":14,"column":32}},"7":{"start":{"line":23,"column":19},"end":{"line":23,"column":40}},"8":{"start":{"line":25,"column":4},"end":{"line":31,"column":5}},"9":{"start":{"line":26,"column":6},"end":{"line":30,"column":9}},"10":{"start":{"line":32,"column":4},"end":{"line":32,"column":11}},"11":{"start":{"line":38,"column":0},"end":{"line":38,"column":77}},"12":{"start":{"line":39,"column":0},"end":{"line":39,"column":82}},"13":{"start":{"line":43,"column":0},"end":{"line":45,"column":3}},"14":{"start":{"line":44,"column":2},"end":{"line":44,"column":95}},"15":{"start":{"line":47,"column":0},"end":{"line":47,"column":24}}},"fnMap":{"0":{"name":"(anonymous_0)","decl":{"start":{"line":14,"column":12},"end":{"line":14,"column":13}},"loc":{"start":{"line":14,"column":23},"end":{"line":14,"column":32}},"line":14},"1":{"name":"(anonymous_1)","decl":{"start":{"line":22,"column":2},"end":{"line":22,"column":3}},"loc":{"start":{"line":22,"column":22},"end":{"line":33,"column":3}},"line":22},"2":{"name":"(anonymous_2)","decl":{"start":{"line":43,"column":44},"end":{"line":43,"column":45}},"loc":{"start":{"line":43,"column":58},"end":{"line":45,"column":1}},"line":43}},"branchMap":{"0":{"loc":{"start":{"line":25,"column":4},"end":{"line":31,"column":5}},"type":"if","locations":[{"start":{"line":25,"column":4},"end":{"line":31,"column":5}},{"start":{},"end":{}}],"line":25}},"s":{"0":1,"1":1,"2":1,"3":1,"4":1,"5":1,"6":0,"7":0,"8":0,"9":0,"10":0,"11":1,"12":1,"13":1,"14":0,"15":1},"f":{"0":0,"1":0,"2":0},"b":{"0":[0,0]},"_coverageSchema":"1a1c01bbd47fc00a2c39e90264f33305004495a9","hash":"0c79380065eecd4d12ce8e765423456c1b8618b6"}
,"C:\\IKSAN\\SEMESTER 6\\WEB\\splitweb3\\backend\\utils\\splitCalculator.js": {"path":"C:\\IKSAN\\SEMESTER 6\\WEB\\splitweb3\\backend\\utils\\splitCalculator.js","statementMap":{"0":{"start":{"line":3,"column":4},"end":{"line":3,"column":37}},"1":{"start":{"line":3,"column":28},"end":{"line":3,"column":37}},"2":{"start":{"line":4,"column":4},"end":{"line":4,"column":36}},"3":{"start":{"line":6,"column":0},"end":{"line":6,"column":32}}},"fnMap":{"0":{"name":"calculateSplit","decl":{"start":{"line":2,"column":9},"end":{"line":2,"column":23}},"loc":{"start":{"line":2,"column":49},"end":{"line":5,"column":1}},"line":2}},"branchMap":{"0":{"loc":{"start":{"line":3,"column":4},"end":{"line":3,"column":37}},"type":"if","locations":[{"start":{"line":3,"column":4},"end":{"line":3,"column":37}},{"start":{},"end":{}}],"line":3}},"s":{"0":2,"1":1,"2":1,"3":1},"f":{"0":2},"b":{"0":[1,1]},"_coverageSchema":"1a1c01bbd47fc00a2c39e90264f33305004495a9","hash":"2cc1d06476b0c5884ffff347cf9a54f91ea39a3a"}
}
