TN:
SF:backend\server.js
FN:45,(anonymous_0)
FN:59,(anonymous_1)
FN:65,(anonymous_2)
FN:66,(anonymous_3)
FN:75,(anonymous_4)
FNF:5
FNH:2
FNDA:10,(anonymous_0)
FNDA:0,(anonymous_1)
FNDA:0,(anonymous_2)
FNDA:1,(anonymous_3)
FNDA:0,(anonymous_4)
DA:1,1
DA:2,1
DA:3,1
DA:4,1
DA:5,1
DA:6,1
DA:7,1
DA:10,1
DA:11,1
DA:12,1
DA:13,1
DA:14,1
DA:15,1
DA:17,1
DA:23,1
DA:26,1
DA:37,1
DA:40,1
DA:41,1
DA:42,1
DA:45,1
DA:46,10
DA:47,10
DA:51,1
DA:52,1
DA:53,1
DA:54,1
DA:55,1
DA:56,1
DA:59,1
DA:60,0
DA:64,1
DA:65,0
DA:66,1
DA:71,1
DA:74,1
DA:75,0
DA:76,0
DA:81,1
LF:39
LH:35
BRDA:71,0,0,1
BRDA:71,0,1,1
BRDA:74,1,0,0
BRDA:74,1,1,1
BRDA:74,2,0,1
BRDA:74,2,1,1
BRF:6
BRH:5
end_of_record
TN:
SF:backend\config\config.js
FNF:0
FNH:0
DA:1,1
DA:3,1
LF:2
LH:2
BRDA:10,0,0,1
BRDA:10,0,1,1
BRDA:24,1,0,1
BRDA:24,1,1,1
BRDA:32,2,0,1
BRDA:32,2,1,1
BRF:6
BRH:6
end_of_record
TN:
SF:backend\controllers\authController.js
FN:5,(anonymous_0)
FN:38,(anonymous_1)
FN:74,(anonymous_2)
FNF:3
FNH:0
FNDA:0,(anonymous_0)
FNDA:0,(anonymous_1)
FNDA:0,(anonymous_2)
DA:1,1
DA:2,1
DA:3,1
DA:5,1
DA:6,0
DA:8,0
DA:10,0
DA:13,0
DA:14,0
DA:15,0
DA:16,0
DA:20,0
DA:21,0
DA:24,0
DA:30,0
DA:31,0
DA:33,0
DA:34,0
DA:38,1
DA:39,0
DA:40,0
DA:42,0
DA:44,0
DA:45,0
DA:46,0
DA:49,0
DA:50,0
DA:51,0
DA:54,0
DA:60,0
DA:61,0
DA:66,0
DA:67,0
DA:74,1
DA:75,0
DA:76,0
DA:77,0
DA:79,0
DA:80,0
DA:82,0
DA:83,0
DA:85,0
DA:86,0
DA:88,0
DA:89,0
LF:45
LH:6
BRDA:14,0,0,0
BRDA:14,0,1,0
BRDA:45,1,0,0
BRDA:45,1,1,0
BRDA:50,2,0,0
BRDA:50,2,1,0
BRDA:56,3,0,0
BRDA:56,3,1,0
BRDA:80,4,0,0
BRDA:80,4,1,0
BRF:10
BRH:0
end_of_record
TN:
SF:backend\controllers\billController.js
FN:4,(anonymous_0)
FN:15,(anonymous_1)
FN:40,(anonymous_2)
FN:55,(anonymous_3)
FN:56,(anonymous_4)
FN:81,(anonymous_5)
FN:96,(anonymous_6)
FN:105,(anonymous_7)
FN:108,(anonymous_8)
FN:109,(anonymous_9)
FN:127,(anonymous_10)
FN:144,(anonymous_11)
FNF:12
FNH:0
FNDA:0,(anonymous_0)
FNDA:0,(anonymous_1)
FNDA:0,(anonymous_2)
FNDA:0,(anonymous_3)
FNDA:0,(anonymous_4)
FNDA:0,(anonymous_5)
FNDA:0,(anonymous_6)
FNDA:0,(anonymous_7)
FNDA:0,(anonymous_8)
FNDA:0,(anonymous_9)
FNDA:0,(anonymous_10)
FNDA:0,(anonymous_11)
DA:1,1
DA:4,1
DA:5,0
DA:6,0
DA:7,0
DA:8,0
DA:10,0
DA:11,0
DA:12,0
DA:13,0
DA:15,0
DA:19,0
DA:21,0
DA:22,0
DA:25,0
DA:26,0
DA:27,0
DA:30,0
DA:38,0
DA:40,0
DA:41,0
DA:42,0
DA:51,0
DA:53,0
DA:54,0
DA:55,0
DA:56,0
DA:63,0
DA:64,0
DA:67,0
DA:70,0
DA:75,0
DA:76,0
DA:81,1
DA:82,0
DA:83,0
DA:84,0
DA:88,0
DA:90,0
DA:91,0
DA:96,1
DA:97,0
DA:98,0
DA:99,0
DA:100,0
DA:102,0
DA:103,0
DA:105,0
DA:106,0
DA:108,0
DA:109,0
DA:110,0
DA:116,0
DA:121,0
DA:122,0
DA:127,1
DA:128,0
DA:129,0
DA:130,0
DA:131,0
DA:133,0
DA:134,0
DA:136,0
DA:138,0
DA:139,0
DA:144,1
DA:145,0
DA:147,0
DA:148,0
DA:149,0
DA:150,0
DA:152,0
DA:153,0
DA:154,0
DA:155,0
DA:159,0
DA:160,0
DA:161,0
DA:164,0
DA:165,0
DA:166,0
DA:167,0
DA:171,0
DA:172,0
DA:173,0
DA:174,0
DA:177,0
DA:178,0
DA:179,0
DA:188,0
DA:191,0
DA:195,0
DA:196,0
DA:203,0
DA:206,0
DA:212,0
DA:213,0
LF:97
LH:6
BRDA:11,0,0,0
BRDA:11,0,1,0
BRDA:21,1,0,0
BRDA:21,1,1,0
BRDA:21,2,0,0
BRDA:21,2,1,0
BRDA:21,2,2,0
BRDA:21,2,3,0
BRDA:21,2,4,0
BRDA:26,3,0,0
BRDA:26,3,1,0
BRDA:47,4,0,0
BRDA:47,4,1,0
BRDA:63,5,0,0
BRDA:63,5,1,0
BRDA:100,6,0,0
BRDA:100,6,1,0
BRDA:112,7,0,0
BRDA:112,7,1,0
BRDA:117,8,0,0
BRDA:117,8,1,0
BRDA:131,9,0,0
BRDA:131,9,1,0
BRDA:153,10,0,0
BRDA:153,10,1,0
BRDA:159,11,0,0
BRDA:159,11,1,0
BRDA:165,12,0,0
BRDA:165,12,1,0
BRDA:178,13,0,0
BRDA:178,13,1,0
BRDA:178,14,0,0
BRDA:178,14,1,0
BRF:33
BRH:0
end_of_record
TN:
SF:backend\controllers\groupController.js
FN:4,(anonymous_0)
FN:32,(anonymous_1)
FN:40,(anonymous_2)
FN:54,(anonymous_3)
FN:62,(anonymous_4)
FN:77,(anonymous_5)
FN:109,(anonymous_6)
FN:136,(anonymous_7)
FNF:8
FNH:4
FNDA:2,(anonymous_0)
FNDA:1,(anonymous_1)
FNDA:0,(anonymous_2)
FNDA:2,(anonymous_3)
FNDA:0,(anonymous_4)
FNDA:0,(anonymous_5)
FNDA:2,(anonymous_6)
FNDA:0,(anonymous_7)
DA:1,1
DA:4,1
DA:5,2
DA:6,2
DA:7,2
DA:9,2
DA:16,0
DA:17,0
DA:19,0
DA:24,0
DA:26,2
DA:27,2
DA:32,1
DA:33,1
DA:34,1
DA:35,1
DA:40,0
DA:41,0
DA:46,0
DA:48,1
DA:49,1
DA:54,1
DA:55,2
DA:56,2
DA:58,2
DA:59,0
DA:61,0
DA:62,0
DA:64,0
DA:69,0
DA:71,2
DA:72,2
DA:77,1
DA:78,0
DA:79,0
DA:80,0
DA:83,0
DA:84,0
DA:87,0
DA:91,0
DA:92,0
DA:96,0
DA:101,0
DA:103,0
DA:104,0
DA:109,1
DA:110,2
DA:111,2
DA:112,2
DA:114,2
DA:115,0
DA:118,0
DA:119,0
DA:123,0
DA:126,0
DA:128,0
DA:130,2
DA:131,2
DA:136,1
DA:137,0
DA:138,0
DA:139,0
DA:141,0
DA:142,0
DA:145,0
DA:146,0
DA:150,0
DA:154,0
DA:155,0
DA:157,0
DA:160,0
DA:161,0
LF:72
LH:29
BRDA:59,0,0,0
BRDA:59,0,1,0
BRDA:84,1,0,0
BRDA:84,1,1,0
BRDA:91,2,0,0
BRDA:91,2,1,0
BRDA:115,3,0,0
BRDA:115,3,1,0
BRDA:118,4,0,0
BRDA:118,4,1,0
BRDA:142,5,0,0
BRDA:142,5,1,0
BRDA:145,6,0,0
BRDA:145,6,1,0
BRDA:154,7,0,0
BRDA:154,7,1,0
BRF:16
BRH:0
end_of_record
TN:
SF:backend\controllers\notificationController.js
FN:4,(anonymous_0)
FN:18,(anonymous_1)
FN:36,(anonymous_2)
FNF:3
FNH:0
FNDA:0,(anonymous_0)
FNDA:0,(anonymous_1)
FNDA:0,(anonymous_2)
DA:1,1
DA:4,1
DA:5,0
DA:6,0
DA:7,0
DA:11,0
DA:13,0
DA:18,1
DA:19,0
DA:20,0
DA:21,0
DA:23,0
DA:24,0
DA:26,0
DA:27,0
DA:29,0
DA:31,0
DA:36,1
DA:37,0
DA:38,0
DA:40,0
DA:44,0
DA:46,0
LF:23
LH:4
BRDA:24,0,0,0
BRDA:24,0,1,0
BRF:2
BRH:0
end_of_record
TN:
SF:backend\controllers\transactionController.js
FN:4,(anonymous_0)
FN:23,(anonymous_1)
FN:24,(anonymous_2)
FN:25,(anonymous_3)
FN:44,(anonymous_4)
FNF:5
FNH:0
FNDA:0,(anonymous_0)
FNDA:0,(anonymous_1)
FNDA:0,(anonymous_2)
FNDA:0,(anonymous_3)
FNDA:0,(anonymous_4)
DA:1,1
DA:2,1
DA:4,1
DA:5,0
DA:6,0
DA:9,0
DA:20,0
DA:23,0
DA:24,0
DA:25,0
DA:27,0
DA:36,0
DA:38,0
DA:39,0
DA:44,1
DA:45,0
DA:46,0
DA:49,0
DA:58,0
DA:60,0
DA:61,0
LF:21
LH:4
BRDA:29,0,0,0
BRDA:29,0,1,0
BRDA:30,1,0,0
BRDA:30,1,1,0
BRF:4
BRH:0
end_of_record
TN:
SF:backend\middleware\authMiddleware.js
FN:3,(anonymous_0)
FNF:1
FNH:1
FNDA:7,(anonymous_0)
DA:1,1
DA:3,1
DA:5,7
DA:6,7
DA:7,7
DA:12,0
DA:14,0
DA:15,0
DA:18,0
DA:19,0
DA:20,0
DA:21,0
DA:23,0
DA:27,1
LF:14
LH:6
BRDA:5,0,0,7
BRDA:5,0,1,0
BRDA:14,1,0,0
BRDA:14,1,1,0
BRF:4
BRH:1
end_of_record
TN:
SF:backend\models\bill.js
FN:4,(anonymous_0)
FN:6,(anonymous_1)
FNF:2
FNH:2
FNDA:1,(anonymous_0)
FNDA:1,(anonymous_1)
DA:2,1
DA:4,1
DA:10,1
DA:20,1
LF:4
LH:4
BRF:0
BRH:0
end_of_record
TN:
SF:backend\models\billsplit.js
FN:4,(anonymous_0)
FN:6,(anonymous_1)
FNF:2
FNH:2
FNDA:1,(anonymous_0)
FNDA:1,(anonymous_1)
DA:2,1
DA:4,1
DA:10,1
DA:27,1
LF:4
LH:4
BRF:0
BRH:0
end_of_record
TN:
SF:backend\models\group.js
FN:5,(anonymous_0)
FN:12,(anonymous_1)
FNF:2
FNH:2
FNDA:1,(anonymous_0)
FNDA:1,(anonymous_1)
DA:4,1
DA:5,1
DA:16,1
DA:24,1
LF:4
LH:4
BRF:0
BRH:0
end_of_record
TN:
SF:backend\models\groupmember.js
FN:5,(anonymous_0)
FN:12,(anonymous_1)
FNF:2
FNH:2
FNDA:1,(anonymous_0)
FNDA:1,(anonymous_1)
DA:4,1
DA:5,1
DA:16,1
DA:23,1
LF:4
LH:4
BRF:0
BRH:0
end_of_record
TN:
SF:backend\models\index.js
FN:27,(anonymous_0)
FNF:1
FNH:1
FNDA:7,(anonymous_0)
DA:1,1
DA:2,1
DA:4,1
DA:5,1
DA:6,1
DA:7,1
DA:8,1
DA:11,1
DA:12,0
DA:14,1
DA:18,1
DA:19,1
DA:20,1
DA:21,1
DA:22,1
DA:23,1
DA:24,1
DA:27,1
DA:28,7
DA:29,7
DA:33,1
DA:34,1
DA:36,1
LF:23
LH:22
BRDA:6,0,0,1
BRDA:6,0,1,0
BRDA:11,1,0,0
BRDA:11,1,1,1
BRDA:28,2,0,7
BRDA:28,2,1,0
BRF:6
BRH:3
end_of_record
TN:
SF:backend\models\notification.js
FN:4,(anonymous_0)
FN:6,(anonymous_1)
FNF:2
FNH:2
FNDA:1,(anonymous_0)
FNDA:1,(anonymous_1)
DA:2,1
DA:4,1
DA:10,1
DA:26,1
LF:4
LH:4
BRF:0
BRH:0
end_of_record
TN:
SF:backend\models\transaction.js
FN:4,(anonymous_0)
FN:6,(anonymous_1)
FNF:2
FNH:2
FNDA:1,(anonymous_0)
FNDA:1,(anonymous_1)
DA:2,1
DA:4,1
DA:10,1
DA:28,1
LF:4
LH:4
BRF:0
BRH:0
end_of_record
TN:
SF:backend\models\user.js
FN:4,(anonymous_0)
FN:6,(anonymous_1)
FNF:2
FNH:2
FNDA:1,(anonymous_0)
FNDA:1,(anonymous_1)
DA:2,1
DA:4,1
DA:11,1
DA:35,1
LF:4
LH:4
BRF:0
BRH:0
end_of_record
TN:
SF:backend\routes\authRoutes.js
FNF:0
FNH:0
DA:1,1
DA:2,1
DA:3,1
DA:6,1
DA:8,1
DA:9,1
DA:12,1
DA:14,1
LF:8
LH:8
BRF:0
BRH:0
end_of_record
TN:
SF:backend\routes\billRoutes.js
FN:47,(anonymous_0)
FN:111,(anonymous_1)
FNF:2
FNH:0
FNDA:0,(anonymous_0)
FNDA:0,(anonymous_1)
DA:1,1
DA:2,1
DA:3,1
DA:4,1
DA:5,1
DA:8,1
DA:9,1
DA:10,1
DA:13,1
DA:20,1
DA:29,1
DA:36,1
DA:38,1
DA:39,1
DA:40,1
DA:41,1
DA:47,1
DA:48,0
DA:49,0
DA:50,0
DA:52,0
DA:53,0
DA:55,0
DA:58,0
DA:59,0
DA:60,0
DA:61,0
DA:63,0
DA:64,0
DA:72,0
DA:74,0
DA:78,0
DA:79,0
DA:81,0
DA:84,0
DA:85,0
DA:88,0
DA:90,0
DA:91,0
DA:98,0
DA:101,0
DA:104,0
DA:107,0
DA:111,1
DA:112,0
DA:113,0
DA:114,0
DA:116,0
DA:117,0
DA:119,0
DA:121,0
DA:122,0
DA:125,0
DA:126,0
DA:127,0
DA:129,0
DA:130,0
DA:140,0
DA:143,0
DA:144,0
DA:151,0
DA:154,0
DA:156,0
DA:160,1
LF:64
LH:19
BRDA:53,0,0,0
BRDA:53,0,1,0
BRDA:58,1,0,0
BRDA:58,1,1,0
BRDA:78,2,0,0
BRDA:78,2,1,0
BRDA:79,3,0,0
BRDA:79,3,1,0
BRDA:84,4,0,0
BRDA:84,4,1,0
BRDA:117,5,0,0
BRDA:117,5,1,0
BRDA:121,6,0,0
BRDA:121,6,1,0
BRF:14
BRH:0
end_of_record
TN:
SF:backend\routes\dashboardRoutes.js
FN:8,(anonymous_0)
FNF:1
FNH:0
FNDA:0,(anonymous_0)
DA:1,1
DA:2,1
DA:3,1
DA:4,1
DA:6,1
DA:8,1
DA:9,0
DA:10,0
DA:13,0
DA:26,0
DA:39,0
DA:50,0
DA:66,0
DA:74,0
DA:75,0
DA:79,1
LF:16
LH:7
BRDA:67,0,0,0
BRDA:67,0,1,0
BRDA:68,1,0,0
BRDA:68,1,1,0
BRDA:69,2,0,0
BRDA:69,2,1,0
BRDA:70,3,0,0
BRDA:70,3,1,0
BRF:8
BRH:0
end_of_record
TN:
SF:backend\routes\groupRoutes.js
FNF:0
FNH:0
DA:1,1
DA:2,1
DA:3,1
DA:4,1
DA:7,1
DA:10,1
DA:13,1
DA:16,1
DA:19,1
DA:22,1
DA:24,1
LF:11
LH:11
BRF:0
BRH:0
end_of_record
TN:
SF:backend\routes\notificationRoutes.js
FNF:0
FNH:0
DA:1,1
DA:2,1
DA:3,1
DA:4,1
DA:6,1
DA:7,1
DA:8,1
DA:10,1
LF:8
LH:8
BRF:0
BRH:0
end_of_record
TN:
SF:backend\routes\transactionRoutes.js
FN:14,(anonymous_0)
FN:22,(anonymous_1)
FN:43,(anonymous_2)
FNF:3
FNH:0
FNDA:0,(anonymous_0)
FNDA:0,(anonymous_1)
FNDA:0,(anonymous_2)
DA:1,1
DA:2,1
DA:3,1
DA:4,1
DA:5,1
DA:10,1
DA:14,0
DA:23,0
DA:25,0
DA:26,0
DA:32,0
DA:38,1
DA:39,1
DA:43,1
DA:44,0
DA:47,1
LF:16
LH:10
BRDA:25,0,0,0
BRDA:25,0,1,0
BRF:2
BRH:0
end_of_record
TN:
SF:backend\utils\splitCalculator.js
FN:2,calculateSplit
FNF:1
FNH:1
FNDA:2,calculateSplit
DA:3,2
DA:4,1
DA:6,1
LF:3
LH:3
BRDA:3,0,0,1
BRDA:3,0,1,1
BRF:2
BRH:2
end_of_record
